<?xml version="1.0" encoding="UTF-8"?>
<coverage generated="1751483133818" clover="3.2.0">
  <project timestamp="1751483133818" name="All files">
    <metrics statements="18" coveredstatements="11" conditionals="20" coveredconditionals="10" methods="14" coveredmethods="9" elements="52" coveredelements="30" complexity="0" loc="18" ncloc="18" packages="1" files="1" classes="1"/>
    <file name="templates.js" path="/Users/jonathanwieder/UNI-Lokal/4. Semester/Webentwicklung/Webentwicklung/frontend/templates.js">
      <metrics statements="18" coveredstatements="11" conditionals="20" coveredconditionals="10" methods="14" coveredmethods="9"/>
      <line num="1" count="1" type="stmt"/>
      <line num="12" count="1" type="stmt"/>
      <line num="25" count="1" type="stmt"/>
      <line num="29" count="2" type="stmt"/>
      <line num="37" count="2" type="stmt"/>
      <line num="43" count="5" type="stmt"/>
      <line num="52" count="1" type="stmt"/>
      <line num="85" count="1" type="stmt"/>
      <line num="106" count="0" type="cond" truecount="0" falsecount="2"/>
      <line num="127" count="0" type="cond" truecount="0" falsecount="2"/>
      <line num="141" count="1" type="stmt"/>
      <line num="142" count="0" type="stmt"/>
      <line num="143" count="0" type="stmt"/>
      <line num="148" count="0" type="cond" truecount="0" falsecount="2"/>
      <line num="149" count="0" type="stmt"/>
      <line num="150" count="0" type="stmt"/>
      <line num="161" count="2" type="stmt"/>
      <line num="166" count="2" type="cond" truecount="2" falsecount="0"/>
    </file>
  </project>
</coverage>
