{"/Users/jonathanwieder/UNI-Lokal/4. Semester/Webentwicklung/Webentwicklung/frontend/templates.js": {"path":"/Users/jonathanwieder/UNI-Lokal/4. Semester/Webentwicklung/Webentwicklung/frontend/templates.js","statementMap":{"0":{"start":{"line":1,"column":35},"end":{"line":10,"column":1}},"1":{"start":{"line":1,"column":41},"end":{"line":10,"column":1}},"2":{"start":{"line":12,"column":35},"end":{"line":23,"column":1}},"3":{"start":{"line":12,"column":41},"end":{"line":23,"column":1}},"4":{"start":{"line":25,"column":40},"end":{"line":35,"column":1}},"5":{"start":{"line":25,"column":50},"end":{"line":35,"column":1}},"6":{"start":{"line":29,"column":43},"end":{"line":29,"column":68}},"7":{"start":{"line":37,"column":28},"end":{"line":50,"column":1}},"8":{"start":{"line":37,"column":49},"end":{"line":50,"column":1}},"9":{"start":{"line":43,"column":38},"end":{"line":48,"column":9}},"10":{"start":{"line":52,"column":37},"end":{"line":83,"column":1}},"11":{"start":{"line":52,"column":43},"end":{"line":83,"column":1}},"12":{"start":{"line":85,"column":37},"end":{"line":139,"column":1}},"13":{"start":{"line":85,"column":79},"end":{"line":139,"column":1}},"14":{"start":{"line":106,"column":79},"end":{"line":111,"column":17}},"15":{"start":{"line":127,"column":75},"end":{"line":132,"column":21}},"16":{"start":{"line":141,"column":26},"end":{"line":159,"column":1}},"17":{"start":{"line":142,"column":18},"end":{"line":142,"column":39}},"18":{"start":{"line":143,"column":4},"end":{"line":158,"column":6}},"19":{"start":{"line":148,"column":35},"end":{"line":148,"column":85}},"20":{"start":{"line":149,"column":38},"end":{"line":149,"column":60}},"21":{"start":{"line":150,"column":16},"end":{"line":155,"column":18}},"22":{"start":{"line":161,"column":35},"end":{"line":178,"column":1}},"23":{"start":{"line":161,"column":46},"end":{"line":178,"column":1}},"24":{"start":{"line":166,"column":55},"end":{"line":173,"column":17}}},"fnMap":{"0":{"name":"(anonymous_0)","decl":{"start":{"line":1,"column":35},"end":{"line":1,"column":36}},"loc":{"start":{"line":1,"column":41},"end":{"line":10,"column":1}},"line":1},"1":{"name":"(anonymous_1)","decl":{"start":{"line":12,"column":35},"end":{"line":12,"column":36}},"loc":{"start":{"line":12,"column":41},"end":{"line":23,"column":1}},"line":12},"2":{"name":"(anonymous_2)","decl":{"start":{"line":25,"column":40},"end":{"line":25,"column":41}},"loc":{"start":{"line":25,"column":50},"end":{"line":35,"column":1}},"line":25},"3":{"name":"(anonymous_3)","decl":{"start":{"line":29,"column":33},"end":{"line":29,"column":34}},"loc":{"start":{"line":29,"column":43},"end":{"line":29,"column":68}},"line":29},"4":{"name":"(anonymous_4)","decl":{"start":{"line":37,"column":28},"end":{"line":37,"column":29}},"loc":{"start":{"line":37,"column":49},"end":{"line":50,"column":1}},"line":37},"5":{"name":"(anonymous_5)","decl":{"start":{"line":43,"column":31},"end":{"line":43,"column":32}},"loc":{"start":{"line":43,"column":38},"end":{"line":48,"column":9}},"line":43},"6":{"name":"(anonymous_6)","decl":{"start":{"line":52,"column":37},"end":{"line":52,"column":38}},"loc":{"start":{"line":52,"column":43},"end":{"line":83,"column":1}},"line":52},"7":{"name":"(anonymous_7)","decl":{"start":{"line":85,"column":37},"end":{"line":85,"column":38}},"loc":{"start":{"line":85,"column":79},"end":{"line":139,"column":1}},"line":85},"8":{"name":"(anonymous_8)","decl":{"start":{"line":106,"column":73},"end":{"line":106,"column":74}},"loc":{"start":{"line":106,"column":79},"end":{"line":111,"column":17}},"line":106},"9":{"name":"(anonymous_9)","decl":{"start":{"line":127,"column":69},"end":{"line":127,"column":70}},"loc":{"start":{"line":127,"column":75},"end":{"line":132,"column":21}},"line":127},"10":{"name":"(anonymous_10)","decl":{"start":{"line":141,"column":26},"end":{"line":141,"column":27}},"loc":{"start":{"line":141,"column":38},"end":{"line":159,"column":1}},"line":141},"11":{"name":"(anonymous_11)","decl":{"start":{"line":147,"column":49},"end":{"line":147,"column":50}},"loc":{"start":{"line":147,"column":70},"end":{"line":156,"column":13}},"line":147},"12":{"name":"(anonymous_12)","decl":{"start":{"line":161,"column":35},"end":{"line":161,"column":36}},"loc":{"start":{"line":161,"column":46},"end":{"line":178,"column":1}},"line":161},"13":{"name":"(anonymous_13)","decl":{"start":{"line":166,"column":47},"end":{"line":166,"column":48}},"loc":{"start":{"line":166,"column":55},"end":{"line":173,"column":17}},"line":166}},"branchMap":{"0":{"loc":{"start":{"line":38,"column":37},"end":{"line":38,"column":101}},"type":"cond-expr","locations":[{"start":{"line":38,"column":66},"end":{"line":38,"column":81}},{"start":{"line":38,"column":84},"end":{"line":38,"column":101}}],"line":38},"1":{"loc":{"start":{"line":41,"column":29},"end":{"line":41,"column":94}},"type":"cond-expr","locations":[{"start":{"line":41,"column":58},"end":{"line":41,"column":70}},{"start":{"line":41,"column":73},"end":{"line":41,"column":94}}],"line":41},"2":{"loc":{"start":{"line":45,"column":64},"end":{"line":45,"column":102}},"type":"cond-expr","locations":[{"start":{"line":45,"column":93},"end":{"line":45,"column":96}},{"start":{"line":45,"column":99},"end":{"line":45,"column":102}}],"line":45},"3":{"loc":{"start":{"line":45,"column":124},"end":{"line":45,"column":162}},"type":"cond-expr","locations":[{"start":{"line":45,"column":153},"end":{"line":45,"column":156}},{"start":{"line":45,"column":159},"end":{"line":45,"column":162}}],"line":45},"4":{"loc":{"start":{"line":91,"column":47},"end":{"line":91,"column":88}},"type":"cond-expr","locations":[{"start":{"line":91,"column":61},"end":{"line":91,"column":72}},{"start":{"line":91,"column":75},"end":{"line":91,"column":88}}],"line":91},"5":{"loc":{"start":{"line":99,"column":42},"end":{"line":99,"column":81}},"type":"cond-expr","locations":[{"start":{"line":99,"column":56},"end":{"line":99,"column":68}},{"start":{"line":99,"column":71},"end":{"line":99,"column":81}}],"line":99},"6":{"loc":{"start":{"line":106,"column":18},"end":{"line":111,"column":64}},"type":"cond-expr","locations":[{"start":{"line":106,"column":50},"end":{"line":111,"column":27}},{"start":{"line":111,"column":30},"end":{"line":111,"column":64}}],"line":106},"7":{"loc":{"start":{"line":127,"column":22},"end":{"line":132,"column":80}},"type":"cond-expr","locations":[{"start":{"line":127,"column":50},"end":{"line":132,"column":31}},{"start":{"line":132,"column":34},"end":{"line":132,"column":80}}],"line":127},"8":{"loc":{"start":{"line":148,"column":35},"end":{"line":148,"column":85}},"type":"cond-expr","locations":[{"start":{"line":148,"column":47},"end":{"line":148,"column":81}},{"start":{"line":148,"column":84},"end":{"line":148,"column":85}}],"line":148},"9":{"loc":{"start":{"line":166,"column":18},"end":{"line":173,"column":59}},"type":"cond-expr","locations":[{"start":{"line":166,"column":37},"end":{"line":173,"column":27}},{"start":{"line":173,"column":30},"end":{"line":173,"column":59}}],"line":166}},"s":{"0":1,"1":1,"2":1,"3":1,"4":1,"5":1,"6":2,"7":1,"8":2,"9":5,"10":1,"11":1,"12":1,"13":0,"14":0,"15":0,"16":1,"17":0,"18":0,"19":0,"20":0,"21":0,"22":1,"23":2,"24":2},"f":{"0":1,"1":1,"2":1,"3":2,"4":2,"5":5,"6":1,"7":0,"8":0,"9":0,"10":0,"11":0,"12":2,"13":2},"b":{"0":[1,1],"1":[1,1],"2":[2,3],"3":[2,3],"4":[0,0],"5":[0,0],"6":[0,0],"7":[0,0],"8":[0,0],"9":[1,1]},"_coverageSchema":"1a1c01bbd47fc00a2c39e90264f33305004495a9","hash":"a5b824c5749e844130fc763a21bebd955ace9ebc"}
}
