{"/Users/jonathanwieder/UNI-Lokal/4. Semester/Webentwicklung/Webentwicklung/backend/server.js": {"path":"/Users/jonathanwieder/UNI-Lokal/4. Semester/Webentwicklung/Webentwicklung/backend/server.js","statementMap":{"0":{"start":{"line":8,"column":12},"end":{"line":8,"column":21}},"1":{"start":{"line":10,"column":0},"end":{"line":10,"column":29}},"2":{"start":{"line":14,"column":0},"end":{"line":18,"column":4}},"3":{"start":{"line":20,"column":0},"end":{"line":20,"column":24}},"4":{"start":{"line":22,"column":12},"end":{"line":40,"column":1}},"5":{"start":{"line":48,"column":4},"end":{"line":50,"column":53}},"6":{"start":{"line":49,"column":8},"end":{"line":49,"column":72}},"7":{"start":{"line":50,"column":32},"end":{"line":50,"column":50}},"8":{"start":{"line":51,"column":4},"end":{"line":51,"column":16}},"9":{"start":{"line":60,"column":4},"end":{"line":60,"column":50}},"10":{"start":{"line":60,"column":30},"end":{"line":60,"column":48}},"11":{"start":{"line":69,"column":4},"end":{"line":71,"column":5}},"12":{"start":{"line":70,"column":8},"end":{"line":70,"column":31}},"13":{"start":{"line":72,"column":4},"end":{"line":72,"column":14}},"14":{"start":{"line":81,"column":0},"end":{"line":109,"column":3}},"15":{"start":{"line":82,"column":21},"end":{"line":82,"column":34}},"16":{"start":{"line":83,"column":17},"end":{"line":83,"column":35}},"17":{"start":{"line":85,"column":18},"end":{"line":87,"column":38}},"18":{"start":{"line":89,"column":15},"end":{"line":89,"column":33}},"19":{"start":{"line":91,"column":4},"end":{"line":108,"column":5}},"20":{"start":{"line":92,"column":8},"end":{"line":92,"column":103}},"21":{"start":{"line":94,"column":9},"end":{"line":108,"column":5}},"22":{"start":{"line":94,"column":41},"end":{"line":94,"column":56}},"23":{"start":{"line":95,"column":8},"end":{"line":95,"column":88}},"24":{"start":{"line":97,"column":9},"end":{"line":108,"column":5}},"25":{"start":{"line":98,"column":8},"end":{"line":105,"column":11}},"26":{"start":{"line":107,"column":8},"end":{"line":107,"column":72}},"27":{"start":{"line":118,"column":0},"end":{"line":162,"column":3}},"28":{"start":{"line":119,"column":4},"end":{"line":161,"column":5}},"29":{"start":{"line":120,"column":52},"end":{"line":120,"column":60}},"30":{"start":{"line":123,"column":8},"end":{"line":125,"column":9}},"31":{"start":{"line":124,"column":12},"end":{"line":124,"column":106}},"32":{"start":{"line":127,"column":8},"end":{"line":129,"column":9}},"33":{"start":{"line":128,"column":12},"end":{"line":128,"column":90}},"34":{"start":{"line":131,"column":21},"end":{"line":131,"column":41}},"35":{"start":{"line":132,"column":24},"end":{"line":146,"column":9}},"36":{"start":{"line":135,"column":52},"end":{"line":140,"column":13}},"37":{"start":{"line":148,"column":8},"end":{"line":148,"column":28}},"38":{"start":{"line":150,"column":8},"end":{"line":158,"column":11}},"39":{"start":{"line":160,"column":8},"end":{"line":160,"column":80}},"40":{"start":{"line":169,"column":0},"end":{"line":190,"column":3}},"41":{"start":{"line":170,"column":4},"end":{"line":189,"column":5}},"42":{"start":{"line":171,"column":21},"end":{"line":171,"column":46}},"43":{"start":{"line":173,"column":8},"end":{"line":175,"column":9}},"44":{"start":{"line":174,"column":12},"end":{"line":174,"column":71}},"45":{"start":{"line":177,"column":8},"end":{"line":179,"column":9}},"46":{"start":{"line":178,"column":12},"end":{"line":178,"column":81}},"47":{"start":{"line":181,"column":8},"end":{"line":186,"column":11}},"48":{"start":{"line":188,"column":8},"end":{"line":188,"column":80}},"49":{"start":{"line":197,"column":0},"end":{"line":239,"column":3}},"50":{"start":{"line":198,"column":4},"end":{"line":238,"column":5}},"51":{"start":{"line":199,"column":30},"end":{"line":199,"column":38}},"52":{"start":{"line":200,"column":21},"end":{"line":200,"column":46}},"53":{"start":{"line":202,"column":8},"end":{"line":204,"column":9}},"54":{"start":{"line":203,"column":12},"end":{"line":203,"column":71}},"55":{"start":{"line":206,"column":8},"end":{"line":208,"column":9}},"56":{"start":{"line":207,"column":12},"end":{"line":207,"column":81}},"57":{"start":{"line":210,"column":8},"end":{"line":212,"column":9}},"58":{"start":{"line":211,"column":12},"end":{"line":211,"column":83}},"59":{"start":{"line":214,"column":8},"end":{"line":216,"column":9}},"60":{"start":{"line":215,"column":12},"end":{"line":215,"column":97}},"61":{"start":{"line":218,"column":22},"end":{"line":220,"column":42}},"62":{"start":{"line":221,"column":19},"end":{"line":221,"column":37}},"63":{"start":{"line":223,"column":28},"end":{"line":228,"column":9}},"64":{"start":{"line":230,"column":8},"end":{"line":230,"column":41}},"65":{"start":{"line":232,"column":8},"end":{"line":235,"column":11}},"66":{"start":{"line":237,"column":8},"end":{"line":237,"column":80}},"67":{"start":{"line":246,"column":0},"end":{"line":312,"column":3}},"68":{"start":{"line":247,"column":4},"end":{"line":311,"column":5}},"69":{"start":{"line":248,"column":34},"end":{"line":248,"column":42}},"70":{"start":{"line":249,"column":21},"end":{"line":249,"column":46}},"71":{"start":{"line":251,"column":8},"end":{"line":253,"column":9}},"72":{"start":{"line":252,"column":12},"end":{"line":252,"column":71}},"73":{"start":{"line":255,"column":8},"end":{"line":257,"column":9}},"74":{"start":{"line":256,"column":12},"end":{"line":256,"column":79}},"75":{"start":{"line":258,"column":35},"end":{"line":261,"column":11}},"76":{"start":{"line":258,"column":62},"end":{"line":261,"column":9}},"77":{"start":{"line":264,"column":24},"end":{"line":295,"column":10}},"78":{"start":{"line":265,"column":38},"end":{"line":265,"column":91}},"79":{"start":{"line":265,"column":62},"end":{"line":265,"column":90}},"80":{"start":{"line":266,"column":33},"end":{"line":266,"column":35}},"81":{"start":{"line":268,"column":12},"end":{"line":270,"column":15}},"82":{"start":{"line":269,"column":16},"end":{"line":269,"column":41}},"83":{"start":{"line":272,"column":12},"end":{"line":284,"column":15}},"84":{"start":{"line":273,"column":16},"end":{"line":283,"column":17}},"85":{"start":{"line":274,"column":20},"end":{"line":276,"column":21}},"86":{"start":{"line":275,"column":24},"end":{"line":275,"column":49}},"87":{"start":{"line":277,"column":23},"end":{"line":283,"column":17}},"88":{"start":{"line":278,"column":20},"end":{"line":282,"column":23}},"89":{"start":{"line":279,"column":24},"end":{"line":281,"column":25}},"90":{"start":{"line":280,"column":28},"end":{"line":280,"column":51}},"91":{"start":{"line":287,"column":12},"end":{"line":294,"column":14}},"92":{"start":{"line":297,"column":8},"end":{"line":308,"column":11}},"93":{"start":{"line":310,"column":8},"end":{"line":310,"column":80}},"94":{"start":{"line":319,"column":0},"end":{"line":341,"column":3}},"95":{"start":{"line":320,"column":4},"end":{"line":340,"column":5}},"96":{"start":{"line":321,"column":34},"end":{"line":321,"column":42}},"97":{"start":{"line":322,"column":21},"end":{"line":322,"column":46}},"98":{"start":{"line":324,"column":8},"end":{"line":326,"column":9}},"99":{"start":{"line":325,"column":12},"end":{"line":325,"column":71}},"100":{"start":{"line":328,"column":8},"end":{"line":330,"column":9}},"101":{"start":{"line":329,"column":12},"end":{"line":329,"column":79}},"102":{"start":{"line":332,"column":8},"end":{"line":332,"column":35}},"103":{"start":{"line":334,"column":8},"end":{"line":337,"column":11}},"104":{"start":{"line":339,"column":8},"end":{"line":339,"column":80}},"105":{"start":{"line":348,"column":0},"end":{"line":360,"column":3}},"106":{"start":{"line":349,"column":26},"end":{"line":357,"column":7}},"107":{"start":{"line":349,"column":45},"end":{"line":357,"column":5}},"108":{"start":{"line":359,"column":4},"end":{"line":359,"column":39}},"109":{"start":{"line":366,"column":0},"end":{"line":387,"column":3}},"110":{"start":{"line":367,"column":21},"end":{"line":367,"column":29}},"111":{"start":{"line":368,"column":17},"end":{"line":368,"column":31}},"112":{"start":{"line":370,"column":18},"end":{"line":372,"column":38}},"113":{"start":{"line":373,"column":15},"end":{"line":373,"column":33}},"114":{"start":{"line":376,"column":4},"end":{"line":378,"column":5}},"115":{"start":{"line":377,"column":8},"end":{"line":377,"column":75}},"116":{"start":{"line":380,"column":4},"end":{"line":386,"column":5}},"117":{"start":{"line":381,"column":8},"end":{"line":381,"column":32}},"118":{"start":{"line":382,"column":8},"end":{"line":382,"column":79}},"119":{"start":{"line":382,"column":59},"end":{"line":382,"column":77}},"120":{"start":{"line":383,"column":8},"end":{"line":383,"column":85}},"121":{"start":{"line":385,"column":8},"end":{"line":385,"column":72}},"122":{"start":{"line":393,"column":0},"end":{"line":414,"column":3}},"123":{"start":{"line":394,"column":21},"end":{"line":394,"column":29}},"124":{"start":{"line":395,"column":17},"end":{"line":395,"column":31}},"125":{"start":{"line":397,"column":18},"end":{"line":399,"column":38}},"126":{"start":{"line":400,"column":15},"end":{"line":400,"column":33}},"127":{"start":{"line":402,"column":4},"end":{"line":404,"column":5}},"128":{"start":{"line":403,"column":8},"end":{"line":403,"column":75}},"129":{"start":{"line":406,"column":24},"end":{"line":406,"column":50}},"130":{"start":{"line":408,"column":4},"end":{"line":413,"column":5}},"131":{"start":{"line":409,"column":8},"end":{"line":409,"column":46}},"132":{"start":{"line":410,"column":8},"end":{"line":410,"column":60}},"133":{"start":{"line":412,"column":8},"end":{"line":412,"column":68}},"134":{"start":{"line":417,"column":0},"end":{"line":417,"column":29}},"135":{"start":{"line":420,"column":0},"end":{"line":422,"column":3}},"136":{"start":{"line":421,"column":4},"end":{"line":421,"column":46}},"137":{"start":{"line":424,"column":13},"end":{"line":424,"column":37}},"138":{"start":{"line":425,"column":0},"end":{"line":429,"column":3}},"139":{"start":{"line":426,"column":4},"end":{"line":426,"column":58}},"140":{"start":{"line":427,"column":4},"end":{"line":427,"column":88}},"141":{"start":{"line":428,"column":4},"end":{"line":428,"column":77}}},"fnMap":{"0":{"name":"generateUniqueCode","decl":{"start":{"line":46,"column":9},"end":{"line":46,"column":27}},"loc":{"start":{"line":46,"column":30},"end":{"line":52,"column":1}},"line":46},"1":{"name":"(anonymous_1)","decl":{"start":{"line":50,"column":24},"end":{"line":50,"column":25}},"loc":{"start":{"line":50,"column":32},"end":{"line":50,"column":50}},"line":50},"2":{"name":"findPoll","decl":{"start":{"line":59,"column":9},"end":{"line":59,"column":17}},"loc":{"start":{"line":59,"column":24},"end":{"line":61,"column":1}},"line":59},"3":{"name":"(anonymous_3)","decl":{"start":{"line":60,"column":22},"end":{"line":60,"column":23}},"loc":{"start":{"line":60,"column":30},"end":{"line":60,"column":48}},"line":60},"4":{"name":"normalizeIP","decl":{"start":{"line":68,"column":9},"end":{"line":68,"column":20}},"loc":{"start":{"line":68,"column":25},"end":{"line":73,"column":1}},"line":68},"5":{"name":"(anonymous_5)","decl":{"start":{"line":81,"column":24},"end":{"line":81,"column":25}},"loc":{"start":{"line":81,"column":38},"end":{"line":109,"column":1}},"line":81},"6":{"name":"(anonymous_6)","decl":{"start":{"line":94,"column":32},"end":{"line":94,"column":33}},"loc":{"start":{"line":94,"column":41},"end":{"line":94,"column":56}},"line":94},"7":{"name":"(anonymous_7)","decl":{"start":{"line":118,"column":25},"end":{"line":118,"column":26}},"loc":{"start":{"line":118,"column":39},"end":{"line":162,"column":1}},"line":118},"8":{"name":"(anonymous_8)","decl":{"start":{"line":135,"column":37},"end":{"line":135,"column":38}},"loc":{"start":{"line":135,"column":52},"end":{"line":140,"column":13}},"line":135},"9":{"name":"(anonymous_9)","decl":{"start":{"line":169,"column":23},"end":{"line":169,"column":24}},"loc":{"start":{"line":169,"column":37},"end":{"line":190,"column":1}},"line":169},"10":{"name":"(anonymous_10)","decl":{"start":{"line":197,"column":32},"end":{"line":197,"column":33}},"loc":{"start":{"line":197,"column":46},"end":{"line":239,"column":1}},"line":197},"11":{"name":"(anonymous_11)","decl":{"start":{"line":246,"column":30},"end":{"line":246,"column":31}},"loc":{"start":{"line":246,"column":44},"end":{"line":312,"column":1}},"line":246},"12":{"name":"(anonymous_12)","decl":{"start":{"line":258,"column":54},"end":{"line":258,"column":55}},"loc":{"start":{"line":258,"column":62},"end":{"line":261,"column":9}},"line":258},"13":{"name":"(anonymous_13)","decl":{"start":{"line":264,"column":43},"end":{"line":264,"column":44}},"loc":{"start":{"line":264,"column":55},"end":{"line":295,"column":9}},"line":264},"14":{"name":"(anonymous_14)","decl":{"start":{"line":265,"column":57},"end":{"line":265,"column":58}},"loc":{"start":{"line":265,"column":62},"end":{"line":265,"column":90}},"line":265},"15":{"name":"(anonymous_15)","decl":{"start":{"line":268,"column":37},"end":{"line":268,"column":38}},"loc":{"start":{"line":268,"column":47},"end":{"line":270,"column":13}},"line":268},"16":{"name":"(anonymous_16)","decl":{"start":{"line":272,"column":38},"end":{"line":272,"column":39}},"loc":{"start":{"line":272,"column":50},"end":{"line":284,"column":13}},"line":272},"17":{"name":"(anonymous_17)","decl":{"start":{"line":278,"column":37},"end":{"line":278,"column":38}},"loc":{"start":{"line":278,"column":47},"end":{"line":282,"column":21}},"line":278},"18":{"name":"(anonymous_18)","decl":{"start":{"line":319,"column":30},"end":{"line":319,"column":31}},"loc":{"start":{"line":319,"column":44},"end":{"line":341,"column":1}},"line":319},"19":{"name":"(anonymous_19)","decl":{"start":{"line":348,"column":18},"end":{"line":348,"column":19}},"loc":{"start":{"line":348,"column":32},"end":{"line":360,"column":1}},"line":348},"20":{"name":"(anonymous_20)","decl":{"start":{"line":349,"column":36},"end":{"line":349,"column":37}},"loc":{"start":{"line":349,"column":45},"end":{"line":357,"column":5}},"line":349},"21":{"name":"(anonymous_21)","decl":{"start":{"line":366,"column":22},"end":{"line":366,"column":23}},"loc":{"start":{"line":366,"column":36},"end":{"line":387,"column":1}},"line":366},"22":{"name":"(anonymous_22)","decl":{"start":{"line":382,"column":47},"end":{"line":382,"column":48}},"loc":{"start":{"line":382,"column":59},"end":{"line":382,"column":77}},"line":382},"23":{"name":"(anonymous_23)","decl":{"start":{"line":393,"column":24},"end":{"line":393,"column":25}},"loc":{"start":{"line":393,"column":38},"end":{"line":414,"column":1}},"line":393},"24":{"name":"(anonymous_24)","decl":{"start":{"line":420,"column":13},"end":{"line":420,"column":14}},"loc":{"start":{"line":420,"column":27},"end":{"line":422,"column":1}},"line":420},"25":{"name":"(anonymous_25)","decl":{"start":{"line":425,"column":17},"end":{"line":425,"column":18}},"loc":{"start":{"line":425,"column":23},"end":{"line":429,"column":1}},"line":425}},"branchMap":{"0":{"loc":{"start":{"line":69,"column":4},"end":{"line":71,"column":5}},"type":"if","locations":[{"start":{"line":69,"column":4},"end":{"line":71,"column":5}},{"start":{},"end":{}}],"line":69},"1":{"loc":{"start":{"line":69,"column":8},"end":{"line":69,"column":38}},"type":"binary-expr","locations":[{"start":{"line":69,"column":8},"end":{"line":69,"column":10}},{"start":{"line":69,"column":14},"end":{"line":69,"column":38}}],"line":69},"2":{"loc":{"start":{"line":85,"column":18},"end":{"line":87,"column":38}},"type":"binary-expr","locations":[{"start":{"line":85,"column":18},"end":{"line":85,"column":48}},{"start":{"line":86,"column":8},"end":{"line":86,"column":32}},{"start":{"line":87,"column":8},"end":{"line":87,"column":32}},{"start":{"line":87,"column":36},"end":{"line":87,"column":38}}],"line":85},"3":{"loc":{"start":{"line":91,"column":4},"end":{"line":108,"column":5}},"type":"if","locations":[{"start":{"line":91,"column":4},"end":{"line":108,"column":5}},{"start":{"line":94,"column":9},"end":{"line":108,"column":5}}],"line":91},"4":{"loc":{"start":{"line":91,"column":7},"end":{"line":91,"column":44}},"type":"binary-expr","locations":[{"start":{"line":91,"column":7},"end":{"line":91,"column":13}},{"start":{"line":91,"column":17},"end":{"line":91,"column":44}}],"line":91},"5":{"loc":{"start":{"line":94,"column":9},"end":{"line":108,"column":5}},"type":"if","locations":[{"start":{"line":94,"column":9},"end":{"line":108,"column":5}},{"start":{"line":97,"column":9},"end":{"line":108,"column":5}}],"line":94},"6":{"loc":{"start":{"line":97,"column":9},"end":{"line":108,"column":5}},"type":"if","locations":[{"start":{"line":97,"column":9},"end":{"line":108,"column":5}},{"start":{"line":106,"column":11},"end":{"line":108,"column":5}}],"line":97},"7":{"loc":{"start":{"line":97,"column":13},"end":{"line":97,"column":32}},"type":"binary-expr","locations":[{"start":{"line":97,"column":13},"end":{"line":97,"column":17}},{"start":{"line":97,"column":21},"end":{"line":97,"column":32}}],"line":97},"8":{"loc":{"start":{"line":123,"column":8},"end":{"line":125,"column":9}},"type":"if","locations":[{"start":{"line":123,"column":8},"end":{"line":125,"column":9}},{"start":{},"end":{}}],"line":123},"9":{"loc":{"start":{"line":123,"column":12},"end":{"line":123,"column":50}},"type":"binary-expr","locations":[{"start":{"line":123,"column":12},"end":{"line":123,"column":18}},{"start":{"line":123,"column":22},"end":{"line":123,"column":32}},{"start":{"line":123,"column":36},"end":{"line":123,"column":50}}],"line":123},"10":{"loc":{"start":{"line":127,"column":8},"end":{"line":129,"column":9}},"type":"if","locations":[{"start":{"line":127,"column":8},"end":{"line":129,"column":9}},{"start":{},"end":{}}],"line":127},"11":{"loc":{"start":{"line":127,"column":12},"end":{"line":127,"column":63}},"type":"binary-expr","locations":[{"start":{"line":127,"column":12},"end":{"line":127,"column":37}},{"start":{"line":127,"column":41},"end":{"line":127,"column":63}}],"line":127},"12":{"loc":{"start":{"line":138,"column":22},"end":{"line":138,"column":40}},"type":"binary-expr","locations":[{"start":{"line":138,"column":22},"end":{"line":138,"column":28}},{"start":{"line":138,"column":32},"end":{"line":138,"column":40}}],"line":138},"13":{"loc":{"start":{"line":139,"column":25},"end":{"line":139,"column":40}},"type":"binary-expr","locations":[{"start":{"line":139,"column":25},"end":{"line":139,"column":34}},{"start":{"line":139,"column":38},"end":{"line":139,"column":40}}],"line":139},"14":{"loc":{"start":{"line":173,"column":8},"end":{"line":175,"column":9}},"type":"if","locations":[{"start":{"line":173,"column":8},"end":{"line":175,"column":9}},{"start":{},"end":{}}],"line":173},"15":{"loc":{"start":{"line":177,"column":8},"end":{"line":179,"column":9}},"type":"if","locations":[{"start":{"line":177,"column":8},"end":{"line":179,"column":9}},{"start":{},"end":{}}],"line":177},"16":{"loc":{"start":{"line":202,"column":8},"end":{"line":204,"column":9}},"type":"if","locations":[{"start":{"line":202,"column":8},"end":{"line":204,"column":9}},{"start":{},"end":{}}],"line":202},"17":{"loc":{"start":{"line":206,"column":8},"end":{"line":208,"column":9}},"type":"if","locations":[{"start":{"line":206,"column":8},"end":{"line":208,"column":9}},{"start":{},"end":{}}],"line":206},"18":{"loc":{"start":{"line":210,"column":8},"end":{"line":212,"column":9}},"type":"if","locations":[{"start":{"line":210,"column":8},"end":{"line":212,"column":9}},{"start":{},"end":{}}],"line":210},"19":{"loc":{"start":{"line":210,"column":12},"end":{"line":210,"column":51}},"type":"binary-expr","locations":[{"start":{"line":210,"column":12},"end":{"line":210,"column":22}},{"start":{"line":210,"column":26},"end":{"line":210,"column":51}}],"line":210},"20":{"loc":{"start":{"line":214,"column":8},"end":{"line":216,"column":9}},"type":"if","locations":[{"start":{"line":214,"column":8},"end":{"line":216,"column":9}},{"start":{},"end":{}}],"line":214},"21":{"loc":{"start":{"line":218,"column":22},"end":{"line":220,"column":42}},"type":"binary-expr","locations":[{"start":{"line":218,"column":22},"end":{"line":218,"column":52}},{"start":{"line":219,"column":12},"end":{"line":219,"column":36}},{"start":{"line":220,"column":12},"end":{"line":220,"column":36}},{"start":{"line":220,"column":40},"end":{"line":220,"column":42}}],"line":218},"22":{"loc":{"start":{"line":251,"column":8},"end":{"line":253,"column":9}},"type":"if","locations":[{"start":{"line":251,"column":8},"end":{"line":253,"column":9}},{"start":{},"end":{}}],"line":251},"23":{"loc":{"start":{"line":255,"column":8},"end":{"line":257,"column":9}},"type":"if","locations":[{"start":{"line":255,"column":8},"end":{"line":257,"column":9}},{"start":{},"end":{}}],"line":255},"24":{"loc":{"start":{"line":273,"column":16},"end":{"line":283,"column":17}},"type":"if","locations":[{"start":{"line":273,"column":16},"end":{"line":283,"column":17}},{"start":{"line":277,"column":23},"end":{"line":283,"column":17}}],"line":273},"25":{"loc":{"start":{"line":274,"column":20},"end":{"line":276,"column":21}},"type":"if","locations":[{"start":{"line":274,"column":20},"end":{"line":276,"column":21}},{"start":{},"end":{}}],"line":274},"26":{"loc":{"start":{"line":274,"column":24},"end":{"line":274,"column":73}},"type":"binary-expr","locations":[{"start":{"line":274,"column":24},"end":{"line":274,"column":32}},{"start":{"line":274,"column":36},"end":{"line":274,"column":73}}],"line":274},"27":{"loc":{"start":{"line":277,"column":23},"end":{"line":283,"column":17}},"type":"if","locations":[{"start":{"line":277,"column":23},"end":{"line":283,"column":17}},{"start":{},"end":{}}],"line":277},"28":{"loc":{"start":{"line":277,"column":27},"end":{"line":277,"column":82}},"type":"binary-expr","locations":[{"start":{"line":277,"column":27},"end":{"line":277,"column":55}},{"start":{"line":277,"column":59},"end":{"line":277,"column":82}}],"line":277},"29":{"loc":{"start":{"line":279,"column":24},"end":{"line":281,"column":25}},"type":"if","locations":[{"start":{"line":279,"column":24},"end":{"line":281,"column":25}},{"start":{},"end":{}}],"line":279},"30":{"loc":{"start":{"line":324,"column":8},"end":{"line":326,"column":9}},"type":"if","locations":[{"start":{"line":324,"column":8},"end":{"line":326,"column":9}},{"start":{},"end":{}}],"line":324},"31":{"loc":{"start":{"line":328,"column":8},"end":{"line":330,"column":9}},"type":"if","locations":[{"start":{"line":328,"column":8},"end":{"line":330,"column":9}},{"start":{},"end":{}}],"line":328},"32":{"loc":{"start":{"line":335,"column":29},"end":{"line":335,"column":70}},"type":"cond-expr","locations":[{"start":{"line":335,"column":43},"end":{"line":335,"column":54}},{"start":{"line":335,"column":57},"end":{"line":335,"column":70}}],"line":335},"33":{"loc":{"start":{"line":370,"column":18},"end":{"line":372,"column":38}},"type":"binary-expr","locations":[{"start":{"line":370,"column":18},"end":{"line":370,"column":48}},{"start":{"line":371,"column":8},"end":{"line":371,"column":32}},{"start":{"line":372,"column":8},"end":{"line":372,"column":32}},{"start":{"line":372,"column":36},"end":{"line":372,"column":38}}],"line":370},"34":{"loc":{"start":{"line":376,"column":4},"end":{"line":378,"column":5}},"type":"if","locations":[{"start":{"line":376,"column":4},"end":{"line":378,"column":5}},{"start":{},"end":{}}],"line":376},"35":{"loc":{"start":{"line":380,"column":4},"end":{"line":386,"column":5}},"type":"if","locations":[{"start":{"line":380,"column":4},"end":{"line":386,"column":5}},{"start":{"line":384,"column":11},"end":{"line":386,"column":5}}],"line":380},"36":{"loc":{"start":{"line":397,"column":18},"end":{"line":399,"column":38}},"type":"binary-expr","locations":[{"start":{"line":397,"column":18},"end":{"line":397,"column":48}},{"start":{"line":398,"column":8},"end":{"line":398,"column":32}},{"start":{"line":399,"column":8},"end":{"line":399,"column":32}},{"start":{"line":399,"column":36},"end":{"line":399,"column":38}}],"line":397},"37":{"loc":{"start":{"line":402,"column":4},"end":{"line":404,"column":5}},"type":"if","locations":[{"start":{"line":402,"column":4},"end":{"line":404,"column":5}},{"start":{},"end":{}}],"line":402},"38":{"loc":{"start":{"line":408,"column":4},"end":{"line":413,"column":5}},"type":"if","locations":[{"start":{"line":408,"column":4},"end":{"line":413,"column":5}},{"start":{"line":411,"column":11},"end":{"line":413,"column":5}}],"line":408},"39":{"loc":{"start":{"line":424,"column":13},"end":{"line":424,"column":37}},"type":"binary-expr","locations":[{"start":{"line":424,"column":13},"end":{"line":424,"column":29}},{"start":{"line":424,"column":33},"end":{"line":424,"column":37}}],"line":424}},"s":{"0":1,"1":1,"2":1,"3":1,"4":1,"5":1,"6":1,"7":1,"8":1,"9":7,"10":14,"11":4,"12":2,"13":2,"14":1,"15":1,"16":1,"17":1,"18":1,"19":1,"20":0,"21":1,"22":0,"23":0,"24":1,"25":1,"26":0,"27":1,"28":1,"29":1,"30":1,"31":0,"32":1,"33":0,"34":1,"35":1,"36":1,"37":1,"38":1,"39":0,"40":1,"41":1,"42":1,"43":1,"44":0,"45":1,"46":0,"47":1,"48":0,"49":1,"50":1,"51":1,"52":1,"53":1,"54":0,"55":1,"56":0,"57":1,"58":0,"59":1,"60":0,"61":1,"62":1,"63":1,"64":1,"65":1,"66":0,"67":1,"68":1,"69":1,"70":1,"71":1,"72":0,"73":1,"74":0,"75":1,"76":1,"77":1,"78":1,"79":1,"80":1,"81":1,"82":2,"83":1,"84":1,"85":1,"86":1,"87":0,"88":0,"89":0,"90":0,"91":1,"92":1,"93":0,"94":1,"95":1,"96":1,"97":1,"98":1,"99":0,"100":1,"101":0,"102":1,"103":1,"104":0,"105":1,"106":1,"107":1,"108":1,"109":1,"110":1,"111":1,"112":1,"113":1,"114":1,"115":0,"116":1,"117":1,"118":1,"119":1,"120":1,"121":0,"122":1,"123":1,"124":1,"125":1,"126":1,"127":1,"128":0,"129":1,"130":1,"131":1,"132":1,"133":0,"134":1,"135":1,"136":0,"137":1,"138":1,"139":0,"140":0,"141":0},"f":{"0":1,"1":1,"2":7,"3":14,"4":4,"5":1,"6":0,"7":1,"8":1,"9":1,"10":1,"11":1,"12":1,"13":1,"14":1,"15":2,"16":1,"17":0,"18":1,"19":1,"20":1,"21":1,"22":1,"23":1,"24":0,"25":0},"b":{"0":[2,2],"1":[4,4],"2":[1,1,1,0],"3":[0,1],"4":[1,1],"5":[0,1],"6":[1,0],"7":[1,1],"8":[0,1],"9":[1,1,1],"10":[0,1],"11":[1,1],"12":[1,0],"13":[1,0],"14":[0,1],"15":[0,1],"16":[0,1],"17":[0,1],"18":[0,1],"19":[1,1],"20":[0,1],"21":[1,1,1,0],"22":[0,1],"23":[0,1],"24":[1,0],"25":[1,0],"26":[1,1],"27":[0,0],"28":[0,0],"29":[0,0],"30":[0,1],"31":[0,1],"32":[0,1],"33":[1,0,0,0],"34":[0,1],"35":[1,0],"36":[1,0,0,0],"37":[0,1],"38":[1,0],"39":[1,1]},"_coverageSchema":"1a1c01bbd47fc00a2c39e90264f33305004495a9","hash":"75de4f21fb676addc864b38b6cfc7c1e7304bd0d"}
,"/Users/jonathanwieder/UNI-Lokal/4. Semester/Webentwicklung/Webentwicklung/frontend/api.js": {"path":"/Users/jonathanwieder/UNI-Lokal/4. Semester/Webentwicklung/Webentwicklung/frontend/api.js","statementMap":{"0":{"start":{"line":5,"column":16},"end":{"line":5,"column":43}},"1":{"start":{"line":20,"column":4},"end":{"line":20,"column":63}},"2":{"start":{"line":21,"column":4},"end":{"line":39,"column":5}},"3":{"start":{"line":22,"column":25},"end":{"line":25,"column":10}},"4":{"start":{"line":26,"column":8},"end":{"line":26,"column":79}},"5":{"start":{"line":27,"column":8},"end":{"line":27,"column":30}},"6":{"start":{"line":28,"column":21},"end":{"line":28,"column":42}},"7":{"start":{"line":29,"column":8},"end":{"line":33,"column":9}},"8":{"start":{"line":30,"column":26},"end":{"line":30,"column":72}},"9":{"start":{"line":31,"column":12},"end":{"line":31,"column":43}},"10":{"start":{"line":32,"column":12},"end":{"line":32,"column":24}},"11":{"start":{"line":34,"column":8},"end":{"line":34,"column":20}},"12":{"start":{"line":38,"column":8},"end":{"line":38,"column":20}},"13":{"start":{"line":43,"column":24},"end":{"line":46,"column":2}},"14":{"start":{"line":43,"column":34},"end":{"line":46,"column":2}},"15":{"start":{"line":48,"column":31},"end":{"line":51,"column":2}},"16":{"start":{"line":48,"column":52},"end":{"line":51,"column":2}},"17":{"start":{"line":54,"column":26},"end":{"line":57,"column":2}},"18":{"start":{"line":54,"column":40},"end":{"line":57,"column":2}},"19":{"start":{"line":59,"column":28},"end":{"line":62,"column":2}},"20":{"start":{"line":59,"column":53},"end":{"line":62,"column":2}},"21":{"start":{"line":64,"column":32},"end":{"line":67,"column":2}},"22":{"start":{"line":64,"column":57},"end":{"line":67,"column":2}},"23":{"start":{"line":70,"column":21},"end":{"line":73,"column":2}},"24":{"start":{"line":70,"column":35},"end":{"line":73,"column":2}},"25":{"start":{"line":75,"column":23},"end":{"line":78,"column":2}},"26":{"start":{"line":75,"column":37},"end":{"line":78,"column":2}},"27":{"start":{"line":81,"column":27},"end":{"line":83,"column":2}},"28":{"start":{"line":81,"column":33},"end":{"line":83,"column":2}}},"fnMap":{"0":{"name":"request","decl":{"start":{"line":19,"column":15},"end":{"line":19,"column":22}},"loc":{"start":{"line":19,"column":47},"end":{"line":40,"column":1}},"line":19},"1":{"name":"(anonymous_1)","decl":{"start":{"line":43,"column":24},"end":{"line":43,"column":25}},"loc":{"start":{"line":43,"column":34},"end":{"line":46,"column":2}},"line":43},"2":{"name":"(anonymous_2)","decl":{"start":{"line":48,"column":31},"end":{"line":48,"column":32}},"loc":{"start":{"line":48,"column":52},"end":{"line":51,"column":2}},"line":48},"3":{"name":"(anonymous_3)","decl":{"start":{"line":54,"column":26},"end":{"line":54,"column":27}},"loc":{"start":{"line":54,"column":40},"end":{"line":57,"column":2}},"line":54},"4":{"name":"(anonymous_4)","decl":{"start":{"line":59,"column":28},"end":{"line":59,"column":29}},"loc":{"start":{"line":59,"column":53},"end":{"line":62,"column":2}},"line":59},"5":{"name":"(anonymous_5)","decl":{"start":{"line":64,"column":32},"end":{"line":64,"column":33}},"loc":{"start":{"line":64,"column":57},"end":{"line":67,"column":2}},"line":64},"6":{"name":"(anonymous_6)","decl":{"start":{"line":70,"column":21},"end":{"line":70,"column":22}},"loc":{"start":{"line":70,"column":35},"end":{"line":73,"column":2}},"line":70},"7":{"name":"(anonymous_7)","decl":{"start":{"line":75,"column":23},"end":{"line":75,"column":24}},"loc":{"start":{"line":75,"column":37},"end":{"line":78,"column":2}},"line":75},"8":{"name":"(anonymous_8)","decl":{"start":{"line":81,"column":27},"end":{"line":81,"column":28}},"loc":{"start":{"line":81,"column":33},"end":{"line":83,"column":2}},"line":81}},"branchMap":{"0":{"loc":{"start":{"line":19,"column":33},"end":{"line":19,"column":45}},"type":"default-arg","locations":[{"start":{"line":19,"column":43},"end":{"line":19,"column":45}}],"line":19},"1":{"loc":{"start":{"line":29,"column":8},"end":{"line":33,"column":9}},"type":"if","locations":[{"start":{"line":29,"column":8},"end":{"line":33,"column":9}},{"start":{},"end":{}}],"line":29},"2":{"loc":{"start":{"line":30,"column":36},"end":{"line":30,"column":71}},"type":"binary-expr","locations":[{"start":{"line":30,"column":36},"end":{"line":30,"column":48}},{"start":{"line":30,"column":52},"end":{"line":30,"column":71}}],"line":30}},"s":{"0":2,"1":9,"2":9,"3":9,"4":9,"5":9,"6":9,"7":9,"8":1,"9":1,"10":1,"11":8,"12":1,"13":2,"14":2,"15":2,"16":1,"17":2,"18":1,"19":2,"20":1,"21":2,"22":1,"23":2,"24":1,"25":2,"26":1,"27":2,"28":1},"f":{"0":9,"1":2,"2":1,"3":1,"4":1,"5":1,"6":1,"7":1,"8":1},"b":{"0":[0],"1":[1,8],"2":[1,0]},"_coverageSchema":"1a1c01bbd47fc00a2c39e90264f33305004495a9","hash":"4f4f8e354c7004f0beb2b3b8d63611a8bae759f1"}
,"/Users/jonathanwieder/UNI-Lokal/4. Semester/Webentwicklung/Webentwicklung/frontend/csv-utils.js": {"path":"/Users/jonathanwieder/UNI-Lokal/4. Semester/Webentwicklung/Webentwicklung/frontend/csv-utils.js","statementMap":{"0":{"start":{"line":12,"column":4},"end":{"line":14,"column":5}},"1":{"start":{"line":13,"column":8},"end":{"line":13,"column":18}},"2":{"start":{"line":16,"column":30},"end":{"line":16,"column":34}},"3":{"start":{"line":17,"column":20},"end":{"line":17,"column":22}},"4":{"start":{"line":20,"column":4},"end":{"line":20,"column":42}},"5":{"start":{"line":21,"column":4},"end":{"line":21,"column":41}},"6":{"start":{"line":22,"column":4},"end":{"line":22,"column":62}},"7":{"start":{"line":23,"column":4},"end":{"line":23,"column":80}},"8":{"start":{"line":24,"column":4},"end":{"line":24,"column":21}},"9":{"start":{"line":27,"column":4},"end":{"line":40,"column":7}},"10":{"start":{"line":28,"column":8},"end":{"line":28,"column":68}},"11":{"start":{"line":29,"column":8},"end":{"line":29,"column":54}},"12":{"start":{"line":32,"column":8},"end":{"line":37,"column":11}},"13":{"start":{"line":33,"column":31},"end":{"line":35,"column":23}},"14":{"start":{"line":36,"column":12},"end":{"line":36,"column":75}},"15":{"start":{"line":39,"column":8},"end":{"line":39,"column":25}},"16":{"start":{"line":42,"column":4},"end":{"line":42,"column":30}},"17":{"start":{"line":51,"column":4},"end":{"line":51,"column":44}},"18":{"start":{"line":51,"column":33},"end":{"line":51,"column":44}},"19":{"start":{"line":53,"column":4},"end":{"line":53,"column":35}},"20":{"start":{"line":63,"column":17},"end":{"line":63,"column":76}},"21":{"start":{"line":66,"column":17},"end":{"line":66,"column":44}},"22":{"start":{"line":69,"column":4},"end":{"line":73,"column":5}},"23":{"start":{"line":71,"column":8},"end":{"line":71,"column":45}},"24":{"start":{"line":72,"column":8},"end":{"line":72,"column":15}},"25":{"start":{"line":76,"column":16},"end":{"line":76,"column":41}},"26":{"start":{"line":77,"column":4},"end":{"line":77,"column":20}},"27":{"start":{"line":78,"column":4},"end":{"line":78,"column":44}},"28":{"start":{"line":81,"column":4},"end":{"line":81,"column":36}},"29":{"start":{"line":82,"column":4},"end":{"line":82,"column":17}},"30":{"start":{"line":85,"column":4},"end":{"line":88,"column":12}},"31":{"start":{"line":86,"column":8},"end":{"line":86,"column":40}},"32":{"start":{"line":87,"column":8},"end":{"line":87,"column":40}}},"fnMap":{"0":{"name":"generatePollResultsCSV","decl":{"start":{"line":11,"column":16},"end":{"line":11,"column":38}},"loc":{"start":{"line":11,"column":45},"end":{"line":43,"column":1}},"line":11},"1":{"name":"(anonymous_1)","decl":{"start":{"line":27,"column":20},"end":{"line":27,"column":21}},"loc":{"start":{"line":27,"column":39},"end":{"line":40,"column":5}},"line":27},"2":{"name":"(anonymous_2)","decl":{"start":{"line":32,"column":47},"end":{"line":32,"column":48}},"loc":{"start":{"line":32,"column":68},"end":{"line":37,"column":9}},"line":32},"3":{"name":"escapeCSV","decl":{"start":{"line":50,"column":9},"end":{"line":50,"column":18}},"loc":{"start":{"line":50,"column":24},"end":{"line":54,"column":1}},"line":50},"4":{"name":"downloadCSV","decl":{"start":{"line":61,"column":16},"end":{"line":61,"column":27}},"loc":{"start":{"line":61,"column":50},"end":{"line":89,"column":1}},"line":61},"5":{"name":"(anonymous_5)","decl":{"start":{"line":85,"column":15},"end":{"line":85,"column":16}},"loc":{"start":{"line":85,"column":21},"end":{"line":88,"column":5}},"line":85}},"branchMap":{"0":{"loc":{"start":{"line":12,"column":4},"end":{"line":14,"column":5}},"type":"if","locations":[{"start":{"line":12,"column":4},"end":{"line":14,"column":5}},{"start":{},"end":{}}],"line":12},"1":{"loc":{"start":{"line":12,"column":8},"end":{"line":12,"column":44}},"type":"binary-expr","locations":[{"start":{"line":12,"column":8},"end":{"line":12,"column":13}},{"start":{"line":12,"column":17},"end":{"line":12,"column":27}},{"start":{"line":12,"column":31},"end":{"line":12,"column":44}}],"line":12},"2":{"loc":{"start":{"line":33,"column":31},"end":{"line":35,"column":23}},"type":"cond-expr","locations":[{"start":{"line":34,"column":18},"end":{"line":34,"column":68}},{"start":{"line":35,"column":18},"end":{"line":35,"column":23}}],"line":33},"3":{"loc":{"start":{"line":51,"column":4},"end":{"line":51,"column":44}},"type":"if","locations":[{"start":{"line":51,"column":4},"end":{"line":51,"column":44}},{"start":{},"end":{}}],"line":51},"4":{"loc":{"start":{"line":69,"column":4},"end":{"line":73,"column":5}},"type":"if","locations":[{"start":{"line":69,"column":4},"end":{"line":73,"column":5}},{"start":{},"end":{}}],"line":69}},"s":{"0":5,"1":3,"2":2,"3":2,"4":2,"5":2,"6":2,"7":2,"8":2,"9":2,"10":1,"11":1,"12":1,"13":2,"14":2,"15":1,"16":2,"17":2,"18":0,"19":2,"20":1,"21":1,"22":1,"23":0,"24":0,"25":1,"26":1,"27":1,"28":1,"29":1,"30":1,"31":0,"32":0},"f":{"0":5,"1":1,"2":2,"3":2,"4":1,"5":0},"b":{"0":[3,2],"1":[5,4,3],"2":[2,0],"3":[0,2],"4":[0,1]},"_coverageSchema":"1a1c01bbd47fc00a2c39e90264f33305004495a9","hash":"384f291e6605c48d741c8f7d8a59fc1034ae7f67"}
,"/Users/jonathanwieder/UNI-Lokal/4. Semester/Webentwicklung/Webentwicklung/frontend/poll-component.js": {"path":"/Users/jonathanwieder/UNI-Lokal/4. Semester/Webentwicklung/Webentwicklung/frontend/poll-component.js","statementMap":{"0":{"start":{"line":5,"column":19},"end":{"line":5,"column":38}},"1":{"start":{"line":6,"column":0},"end":{"line":8,"column":48}},"2":{"start":{"line":7,"column":22},"end":{"line":7,"column":37}},"3":{"start":{"line":8,"column":18},"end":{"line":8,"column":46}},"4":{"start":{"line":14,"column":8},"end":{"line":14,"column":16}},"5":{"start":{"line":15,"column":8},"end":{"line":15,"column":44}},"6":{"start":{"line":16,"column":8},"end":{"line":16,"column":58}},"7":{"start":{"line":17,"column":8},"end":{"line":17,"column":83}},"8":{"start":{"line":22,"column":23},"end":{"line":22,"column":66}},"9":{"start":{"line":23,"column":25},"end":{"line":23,"column":43}},"10":{"start":{"line":25,"column":8},"end":{"line":29,"column":9}},"11":{"start":{"line":26,"column":12},"end":{"line":26,"column":40}},"12":{"start":{"line":28,"column":12},"end":{"line":28,"column":32}},"13":{"start":{"line":34,"column":8},"end":{"line":34,"column":45}},"14":{"start":{"line":35,"column":8},"end":{"line":40,"column":11}},"15":{"start":{"line":36,"column":28},"end":{"line":36,"column":68}},"16":{"start":{"line":37,"column":12},"end":{"line":39,"column":13}},"17":{"start":{"line":38,"column":16},"end":{"line":38,"column":68}},"18":{"start":{"line":49,"column":8},"end":{"line":53,"column":11}},"19":{"start":{"line":57,"column":8},"end":{"line":60,"column":11}},"20":{"start":{"line":64,"column":25},"end":{"line":64,"column":73}},"21":{"start":{"line":65,"column":26},"end":{"line":65,"column":67}},"22":{"start":{"line":67,"column":8},"end":{"line":70,"column":9}},"23":{"start":{"line":68,"column":12},"end":{"line":68,"column":87}},"24":{"start":{"line":69,"column":12},"end":{"line":69,"column":19}},"25":{"start":{"line":72,"column":8},"end":{"line":72,"column":75}},"26":{"start":{"line":74,"column":8},"end":{"line":90,"column":9}},"27":{"start":{"line":75,"column":25},"end":{"line":75,"column":53}},"28":{"start":{"line":76,"column":12},"end":{"line":76,"column":47}},"29":{"start":{"line":77,"column":12},"end":{"line":77,"column":88}},"30":{"start":{"line":78,"column":12},"end":{"line":78,"column":37}},"31":{"start":{"line":80,"column":12},"end":{"line":89,"column":13}},"32":{"start":{"line":81,"column":16},"end":{"line":86,"column":18}},"33":{"start":{"line":88,"column":16},"end":{"line":88,"column":82}},"34":{"start":{"line":94,"column":22},"end":{"line":94,"column":45}},"35":{"start":{"line":95,"column":8},"end":{"line":97,"column":11}},"36":{"start":{"line":99,"column":8},"end":{"line":99,"column":45}},"37":{"start":{"line":100,"column":8},"end":{"line":100,"column":44}},"38":{"start":{"line":103,"column":8},"end":{"line":140,"column":11}},"39":{"start":{"line":104,"column":12},"end":{"line":131,"column":15}},"40":{"start":{"line":105,"column":16},"end":{"line":105,"column":35}},"41":{"start":{"line":106,"column":33},"end":{"line":106,"column":59}},"42":{"start":{"line":107,"column":31},"end":{"line":107,"column":67}},"43":{"start":{"line":108,"column":33},"end":{"line":108,"column":52}},"44":{"start":{"line":109,"column":35},"end":{"line":109,"column":80}},"45":{"start":{"line":111,"column":16},"end":{"line":130,"column":17}},"46":{"start":{"line":112,"column":38},"end":{"line":112,"column":82}},"47":{"start":{"line":113,"column":20},"end":{"line":115,"column":21}},"48":{"start":{"line":114,"column":24},"end":{"line":114,"column":101}},"49":{"start":{"line":116,"column":20},"end":{"line":116,"column":27}},"50":{"start":{"line":119,"column":33},"end":{"line":119,"column":69}},"51":{"start":{"line":119,"column":49},"end":{"line":119,"column":68}},"52":{"start":{"line":120,"column":20},"end":{"line":129,"column":21}},"53":{"start":{"line":121,"column":24},"end":{"line":121,"column":62}},"54":{"start":{"line":122,"column":24},"end":{"line":122,"column":54}},"55":{"start":{"line":124,"column":24},"end":{"line":124,"column":84}},"56":{"start":{"line":125,"column":42},"end":{"line":125,"column":86}},"57":{"start":{"line":126,"column":24},"end":{"line":128,"column":25}},"58":{"start":{"line":127,"column":28},"end":{"line":127,"column":100}},"59":{"start":{"line":132,"column":12},"end":{"line":139,"column":15}},"60":{"start":{"line":133,"column":16},"end":{"line":133,"column":35}},"61":{"start":{"line":134,"column":33},"end":{"line":134,"column":59}},"62":{"start":{"line":135,"column":34},"end":{"line":135,"column":78}},"63":{"start":{"line":136,"column":16},"end":{"line":138,"column":17}},"64":{"start":{"line":137,"column":20},"end":{"line":137,"column":45}},"65":{"start":{"line":144,"column":8},"end":{"line":165,"column":11}},"66":{"start":{"line":145,"column":12},"end":{"line":160,"column":15}},"67":{"start":{"line":146,"column":16},"end":{"line":146,"column":35}},"68":{"start":{"line":147,"column":36},"end":{"line":147,"column":85}},"69":{"start":{"line":148,"column":35},"end":{"line":148,"column":73}},"70":{"start":{"line":150,"column":33},"end":{"line":154,"column":18}},"71":{"start":{"line":151,"column":39},"end":{"line":151,"column":84}},"72":{"start":{"line":152,"column":38},"end":{"line":152,"column":82}},"73":{"start":{"line":153,"column":20},"end":{"line":153,"column":51}},"74":{"start":{"line":155,"column":16},"end":{"line":157,"column":19}},"75":{"start":{"line":158,"column":16},"end":{"line":158,"column":50}},"76":{"start":{"line":159,"column":16},"end":{"line":159,"column":46}},"77":{"start":{"line":161,"column":12},"end":{"line":164,"column":15}},"78":{"start":{"line":162,"column":16},"end":{"line":162,"column":35}},"79":{"start":{"line":163,"column":16},"end":{"line":163,"column":36}},"80":{"start":{"line":171,"column":8},"end":{"line":174,"column":11}},"81":{"start":{"line":175,"column":8},"end":{"line":177,"column":11}},"82":{"start":{"line":176,"column":12},"end":{"line":176,"column":74}},"83":{"start":{"line":176,"column":52},"end":{"line":176,"column":72}},"84":{"start":{"line":184,"column":23},"end":{"line":184,"column":61}},"85":{"start":{"line":185,"column":8},"end":{"line":185,"column":28}},"86":{"start":{"line":185,"column":21},"end":{"line":185,"column":28}},"87":{"start":{"line":187,"column":30},"end":{"line":187,"column":63}},"88":{"start":{"line":188,"column":23},"end":{"line":188,"column":44}},"89":{"start":{"line":189,"column":25},"end":{"line":189,"column":72}},"90":{"start":{"line":191,"column":8},"end":{"line":213,"column":9}},"91":{"start":{"line":192,"column":12},"end":{"line":194,"column":15}},"92":{"start":{"line":193,"column":16},"end":{"line":193,"column":49}},"93":{"start":{"line":195,"column":12},"end":{"line":195,"column":45}},"94":{"start":{"line":196,"column":12},"end":{"line":196,"column":61}},"95":{"start":{"line":198,"column":12},"end":{"line":198,"column":48}},"96":{"start":{"line":199,"column":12},"end":{"line":199,"column":48}},"97":{"start":{"line":201,"column":12},"end":{"line":203,"column":13}},"98":{"start":{"line":202,"column":16},"end":{"line":202,"column":61}},"99":{"start":{"line":205,"column":36},"end":{"line":205,"column":75}},"100":{"start":{"line":206,"column":32},"end":{"line":206,"column":63}},"101":{"start":{"line":208,"column":12},"end":{"line":212,"column":13}},"102":{"start":{"line":209,"column":16},"end":{"line":209,"column":55}},"103":{"start":{"line":211,"column":16},"end":{"line":211,"column":45}},"104":{"start":{"line":218,"column":26},"end":{"line":218,"column":67}},"105":{"start":{"line":219,"column":27},"end":{"line":222,"column":10}},"106":{"start":{"line":220,"column":29},"end":{"line":220,"column":68}},"107":{"start":{"line":221,"column":12},"end":{"line":221,"column":97}},"108":{"start":{"line":224,"column":8},"end":{"line":227,"column":9}},"109":{"start":{"line":225,"column":12},"end":{"line":225,"column":90}},"110":{"start":{"line":226,"column":12},"end":{"line":226,"column":19}},"111":{"start":{"line":229,"column":8},"end":{"line":229,"column":83}},"112":{"start":{"line":231,"column":8},"end":{"line":237,"column":9}},"113":{"start":{"line":232,"column":12},"end":{"line":232,"column":93}},"114":{"start":{"line":233,"column":12},"end":{"line":233,"column":109}},"115":{"start":{"line":234,"column":12},"end":{"line":234,"column":56}},"116":{"start":{"line":234,"column":29},"end":{"line":234,"column":48}},"117":{"start":{"line":236,"column":12},"end":{"line":236,"column":78}},"118":{"start":{"line":241,"column":8},"end":{"line":245,"column":11}},"119":{"start":{"line":248,"column":8},"end":{"line":258,"column":11}},"120":{"start":{"line":249,"column":36},"end":{"line":249,"column":80}},"121":{"start":{"line":250,"column":12},"end":{"line":252,"column":13}},"122":{"start":{"line":251,"column":16},"end":{"line":251,"column":84}},"123":{"start":{"line":251,"column":65},"end":{"line":251,"column":82}},"124":{"start":{"line":254,"column":32},"end":{"line":254,"column":80}},"125":{"start":{"line":255,"column":12},"end":{"line":257,"column":13}},"126":{"start":{"line":256,"column":16},"end":{"line":256,"column":84}},"127":{"start":{"line":256,"column":61},"end":{"line":256,"column":82}},"128":{"start":{"line":262,"column":26},"end":{"line":262,"column":78}},"129":{"start":{"line":263,"column":30},"end":{"line":263,"column":59}},"130":{"start":{"line":264,"column":28},"end":{"line":264,"column":57}},"131":{"start":{"line":265,"column":8},"end":{"line":265,"column":51}},"132":{"start":{"line":266,"column":8},"end":{"line":266,"column":59}},"133":{"start":{"line":267,"column":8},"end":{"line":283,"column":10}},"134":{"start":{"line":284,"column":8},"end":{"line":284,"column":43}},"135":{"start":{"line":287,"column":8},"end":{"line":287,"column":101}},"136":{"start":{"line":287,"column":82},"end":{"line":287,"column":99}},"137":{"start":{"line":288,"column":8},"end":{"line":290,"column":11}},"138":{"start":{"line":289,"column":12},"end":{"line":289,"column":47}},"139":{"start":{"line":295,"column":32},"end":{"line":295,"column":73}},"140":{"start":{"line":296,"column":8},"end":{"line":296,"column":37}},"141":{"start":{"line":296,"column":30},"end":{"line":296,"column":37}},"142":{"start":{"line":299,"column":33},"end":{"line":299,"column":84}},"143":{"start":{"line":300,"column":8},"end":{"line":300,"column":38}},"144":{"start":{"line":300,"column":31},"end":{"line":300,"column":38}},"145":{"start":{"line":302,"column":28},"end":{"line":302,"column":64}},"146":{"start":{"line":303,"column":26},"end":{"line":303,"column":55}},"147":{"start":{"line":304,"column":8},"end":{"line":304,"column":43}},"148":{"start":{"line":305,"column":8},"end":{"line":305,"column":48}},"149":{"start":{"line":306,"column":8},"end":{"line":306,"column":70}},"150":{"start":{"line":308,"column":28},"end":{"line":308,"column":59}},"151":{"start":{"line":309,"column":8},"end":{"line":309,"column":34}},"152":{"start":{"line":310,"column":8},"end":{"line":310,"column":47}},"153":{"start":{"line":311,"column":8},"end":{"line":311,"column":58}},"154":{"start":{"line":312,"column":8},"end":{"line":312,"column":72}},"155":{"start":{"line":314,"column":35},"end":{"line":314,"column":67}},"156":{"start":{"line":315,"column":8},"end":{"line":315,"column":50}},"157":{"start":{"line":316,"column":8},"end":{"line":316,"column":43}},"158":{"start":{"line":317,"column":8},"end":{"line":317,"column":55}},"159":{"start":{"line":318,"column":8},"end":{"line":318,"column":86}},"160":{"start":{"line":319,"column":8},"end":{"line":321,"column":11}},"161":{"start":{"line":320,"column":12},"end":{"line":320,"column":52}},"162":{"start":{"line":323,"column":8},"end":{"line":323,"column":43}},"163":{"start":{"line":324,"column":8},"end":{"line":324,"column":50}},"164":{"start":{"line":325,"column":8},"end":{"line":325,"column":48}},"165":{"start":{"line":329,"column":26},"end":{"line":329,"column":67}},"166":{"start":{"line":330,"column":22},"end":{"line":330,"column":78}},"167":{"start":{"line":331,"column":30},"end":{"line":331,"column":90}},"168":{"start":{"line":333,"column":8},"end":{"line":336,"column":9}},"169":{"start":{"line":334,"column":12},"end":{"line":334,"column":102}},"170":{"start":{"line":335,"column":12},"end":{"line":335,"column":19}},"171":{"start":{"line":338,"column":26},"end":{"line":338,"column":28}},"172":{"start":{"line":339,"column":29},"end":{"line":339,"column":34}},"173":{"start":{"line":340,"column":34},"end":{"line":340,"column":39}},"174":{"start":{"line":341,"column":33},"end":{"line":341,"column":86}},"175":{"start":{"line":343,"column":8},"end":{"line":394,"column":11}},"176":{"start":{"line":344,"column":33},"end":{"line":344,"column":86}},"177":{"start":{"line":345,"column":33},"end":{"line":345,"column":78}},"178":{"start":{"line":346,"column":33},"end":{"line":346,"column":86}},"179":{"start":{"line":347,"column":28},"end":{"line":347,"column":96}},"180":{"start":{"line":347,"column":54},"end":{"line":347,"column":72}},"181":{"start":{"line":347,"column":90},"end":{"line":347,"column":95}},"182":{"start":{"line":350,"column":12},"end":{"line":355,"column":13}},"183":{"start":{"line":351,"column":16},"end":{"line":351,"column":38}},"184":{"start":{"line":352,"column":16},"end":{"line":352,"column":86}},"185":{"start":{"line":354,"column":16},"end":{"line":354,"column":89}},"186":{"start":{"line":358,"column":12},"end":{"line":360,"column":13}},"187":{"start":{"line":359,"column":16},"end":{"line":359,"column":38}},"188":{"start":{"line":363,"column":34},"end":{"line":363,"column":43}},"189":{"start":{"line":364,"column":36},"end":{"line":364,"column":38}},"190":{"start":{"line":366,"column":12},"end":{"line":383,"column":15}},"191":{"start":{"line":367,"column":30},"end":{"line":367,"column":48}},"192":{"start":{"line":368,"column":16},"end":{"line":382,"column":17}},"193":{"start":{"line":369,"column":20},"end":{"line":369,"column":42}},"194":{"start":{"line":370,"column":20},"end":{"line":370,"column":55}},"195":{"start":{"line":372,"column":20},"end":{"line":372,"column":58}},"196":{"start":{"line":375,"column":20},"end":{"line":381,"column":21}},"197":{"start":{"line":376,"column":24},"end":{"line":376,"column":51}},"198":{"start":{"line":377,"column":24},"end":{"line":377,"column":59}},"199":{"start":{"line":378,"column":24},"end":{"line":378,"column":52}},"200":{"start":{"line":380,"column":24},"end":{"line":380,"column":63}},"201":{"start":{"line":386,"column":12},"end":{"line":389,"column":15}},"202":{"start":{"line":387,"column":16},"end":{"line":387,"column":55}},"203":{"start":{"line":388,"column":16},"end":{"line":388,"column":81}},"204":{"start":{"line":391,"column":12},"end":{"line":393,"column":13}},"205":{"start":{"line":392,"column":16},"end":{"line":392,"column":88}},"206":{"start":{"line":396,"column":8},"end":{"line":399,"column":9}},"207":{"start":{"line":397,"column":12},"end":{"line":397,"column":142}},"208":{"start":{"line":398,"column":12},"end":{"line":398,"column":19}},"209":{"start":{"line":401,"column":8},"end":{"line":404,"column":9}},"210":{"start":{"line":402,"column":12},"end":{"line":402,"column":120}},"211":{"start":{"line":403,"column":12},"end":{"line":403,"column":19}},"212":{"start":{"line":406,"column":8},"end":{"line":406,"column":76}},"213":{"start":{"line":408,"column":8},"end":{"line":420,"column":9}},"214":{"start":{"line":409,"column":25},"end":{"line":409,"column":82}},"215":{"start":{"line":410,"column":12},"end":{"line":410,"column":53}},"216":{"start":{"line":411,"column":12},"end":{"line":416,"column":14}},"217":{"start":{"line":417,"column":12},"end":{"line":417,"column":120}},"218":{"start":{"line":417,"column":88},"end":{"line":417,"column":118}},"219":{"start":{"line":419,"column":12},"end":{"line":419,"column":78}},"220":{"start":{"line":428,"column":8},"end":{"line":431,"column":9}},"221":{"start":{"line":429,"column":12},"end":{"line":429,"column":71}},"222":{"start":{"line":430,"column":12},"end":{"line":430,"column":50}},"223":{"start":{"line":430,"column":43},"end":{"line":430,"column":50}},"224":{"start":{"line":433,"column":8},"end":{"line":439,"column":9}},"225":{"start":{"line":434,"column":25},"end":{"line":434,"column":83}},"226":{"start":{"line":435,"column":12},"end":{"line":435,"column":40}},"227":{"start":{"line":437,"column":12},"end":{"line":437,"column":33}},"228":{"start":{"line":438,"column":12},"end":{"line":438,"column":44}},"229":{"start":{"line":443,"column":8},"end":{"line":443,"column":41}},"230":{"start":{"line":444,"column":8},"end":{"line":450,"column":11}},"231":{"start":{"line":445,"column":69},"end":{"line":445,"column":100}},"232":{"start":{"line":446,"column":73},"end":{"line":446,"column":108}},"233":{"start":{"line":448,"column":70},"end":{"line":448,"column":99}},"234":{"start":{"line":449,"column":70},"end":{"line":449,"column":99}},"235":{"start":{"line":453,"column":8},"end":{"line":458,"column":11}},"236":{"start":{"line":454,"column":31},"end":{"line":454,"column":66}},"237":{"start":{"line":455,"column":12},"end":{"line":457,"column":13}},"238":{"start":{"line":456,"column":16},"end":{"line":456,"column":81}},"239":{"start":{"line":460,"column":8},"end":{"line":467,"column":11}},"240":{"start":{"line":461,"column":12},"end":{"line":466,"column":15}},"241":{"start":{"line":462,"column":27},"end":{"line":462,"column":46}},"242":{"start":{"line":463,"column":16},"end":{"line":465,"column":17}},"243":{"start":{"line":464,"column":20},"end":{"line":464,"column":51}},"244":{"start":{"line":469,"column":8},"end":{"line":476,"column":11}},"245":{"start":{"line":470,"column":12},"end":{"line":475,"column":15}},"246":{"start":{"line":471,"column":27},"end":{"line":471,"column":46}},"247":{"start":{"line":472,"column":16},"end":{"line":474,"column":17}},"248":{"start":{"line":473,"column":20},"end":{"line":473,"column":53}},"249":{"start":{"line":478,"column":25},"end":{"line":478,"column":88}},"250":{"start":{"line":480,"column":25},"end":{"line":480,"column":65}},"251":{"start":{"line":482,"column":8},"end":{"line":486,"column":9}},"252":{"start":{"line":483,"column":12},"end":{"line":485,"column":15}},"253":{"start":{"line":484,"column":8},"end":{"line":484,"column":59}},"254":{"start":{"line":484,"column":19},"end":{"line":484,"column":59}},"255":{"start":{"line":496,"column":27},"end":{"line":496,"column":55}},"256":{"start":{"line":497,"column":25},"end":{"line":497,"column":61}},"257":{"start":{"line":498,"column":8},"end":{"line":498,"column":42}},"258":{"start":{"line":501,"column":26},"end":{"line":502,"column":69}},"259":{"start":{"line":503,"column":8},"end":{"line":508,"column":9}},"260":{"start":{"line":504,"column":12},"end":{"line":504,"column":92}},"261":{"start":{"line":505,"column":12},"end":{"line":507,"column":21}},"262":{"start":{"line":506,"column":16},"end":{"line":506,"column":41}},"263":{"start":{"line":512,"column":8},"end":{"line":518,"column":9}},"264":{"start":{"line":513,"column":25},"end":{"line":513,"column":87}},"265":{"start":{"line":514,"column":12},"end":{"line":514,"column":32}},"266":{"start":{"line":515,"column":12},"end":{"line":515,"column":42}},"267":{"start":{"line":517,"column":12},"end":{"line":517,"column":33}},"268":{"start":{"line":522,"column":24},"end":{"line":522,"column":65}},"269":{"start":{"line":523,"column":26},"end":{"line":523,"column":72}},"270":{"start":{"line":524,"column":19},"end":{"line":524,"column":39}},"271":{"start":{"line":526,"column":8},"end":{"line":529,"column":9}},"272":{"start":{"line":527,"column":12},"end":{"line":527,"column":88}},"273":{"start":{"line":528,"column":12},"end":{"line":528,"column":19}},"274":{"start":{"line":531,"column":24},"end":{"line":531,"column":117}},"275":{"start":{"line":532,"column":8},"end":{"line":535,"column":9}},"276":{"start":{"line":533,"column":12},"end":{"line":533,"column":93}},"277":{"start":{"line":534,"column":12},"end":{"line":534,"column":19}},"278":{"start":{"line":537,"column":8},"end":{"line":546,"column":9}},"279":{"start":{"line":538,"column":12},"end":{"line":538,"column":77}},"280":{"start":{"line":539,"column":25},"end":{"line":539,"column":54}},"281":{"start":{"line":540,"column":12},"end":{"line":540,"column":79}},"282":{"start":{"line":541,"column":12},"end":{"line":541,"column":31}},"283":{"start":{"line":543,"column":12},"end":{"line":543,"column":42}},"284":{"start":{"line":545,"column":12},"end":{"line":545,"column":78}},"285":{"start":{"line":555,"column":26},"end":{"line":555,"column":70}},"286":{"start":{"line":556,"column":8},"end":{"line":556,"column":62}},"287":{"start":{"line":557,"column":8},"end":{"line":565,"column":9}},"288":{"start":{"line":558,"column":12},"end":{"line":558,"column":77}},"289":{"start":{"line":559,"column":25},"end":{"line":559,"column":54}},"290":{"start":{"line":560,"column":12},"end":{"line":560,"column":79}},"291":{"start":{"line":562,"column":12},"end":{"line":562,"column":42}},"292":{"start":{"line":564,"column":12},"end":{"line":564,"column":78}},"293":{"start":{"line":569,"column":8},"end":{"line":583,"column":9}},"294":{"start":{"line":570,"column":25},"end":{"line":570,"column":56}},"295":{"start":{"line":572,"column":30},"end":{"line":572,"column":124}},"296":{"start":{"line":573,"column":12},"end":{"line":575,"column":13}},"297":{"start":{"line":574,"column":16},"end":{"line":574,"column":83}},"298":{"start":{"line":577,"column":12},"end":{"line":577,"column":42}},"299":{"start":{"line":579,"column":30},"end":{"line":579,"column":124}},"300":{"start":{"line":580,"column":12},"end":{"line":582,"column":13}},"301":{"start":{"line":581,"column":16},"end":{"line":581,"column":82}},"302":{"start":{"line":587,"column":8},"end":{"line":594,"column":9}},"303":{"start":{"line":588,"column":25},"end":{"line":588,"column":53}},"304":{"start":{"line":589,"column":12},"end":{"line":589,"column":47}},"305":{"start":{"line":590,"column":12},"end":{"line":590,"column":88}},"306":{"start":{"line":591,"column":12},"end":{"line":591,"column":37}},"307":{"start":{"line":593,"column":12},"end":{"line":593,"column":32}},"308":{"start":{"line":599,"column":8},"end":{"line":599,"column":52}},"309":{"start":{"line":600,"column":32},"end":{"line":600,"column":73}},"310":{"start":{"line":602,"column":8},"end":{"line":605,"column":9}},"311":{"start":{"line":603,"column":12},"end":{"line":603,"column":56}},"312":{"start":{"line":604,"column":12},"end":{"line":604,"column":19}},"313":{"start":{"line":607,"column":30},"end":{"line":607,"column":78}},"314":{"start":{"line":608,"column":29},"end":{"line":608,"column":76}},"315":{"start":{"line":609,"column":33},"end":{"line":609,"column":84}},"316":{"start":{"line":610,"column":31},"end":{"line":610,"column":76}},"317":{"start":{"line":612,"column":8},"end":{"line":612,"column":90}},"318":{"start":{"line":615,"column":8},"end":{"line":619,"column":9}},"319":{"start":{"line":616,"column":12},"end":{"line":616,"column":37}},"320":{"start":{"line":617,"column":12},"end":{"line":617,"column":69}},"321":{"start":{"line":618,"column":12},"end":{"line":618,"column":58}},"322":{"start":{"line":622,"column":8},"end":{"line":624,"column":9}},"323":{"start":{"line":623,"column":12},"end":{"line":623,"column":42}},"324":{"start":{"line":627,"column":8},"end":{"line":632,"column":9}},"325":{"start":{"line":628,"column":12},"end":{"line":631,"column":14}},"326":{"start":{"line":634,"column":8},"end":{"line":634,"column":48}},"327":{"start":{"line":639,"column":0},"end":{"line":639,"column":46}}},"fnMap":{"0":{"name":"(anonymous_0)","decl":{"start":{"line":7,"column":10},"end":{"line":7,"column":11}},"loc":{"start":{"line":7,"column":22},"end":{"line":7,"column":37}},"line":7},"1":{"name":"(anonymous_1)","decl":{"start":{"line":8,"column":10},"end":{"line":8,"column":11}},"loc":{"start":{"line":8,"column":18},"end":{"line":8,"column":46}},"line":8},"2":{"name":"(anonymous_2)","decl":{"start":{"line":13,"column":4},"end":{"line":13,"column":5}},"loc":{"start":{"line":13,"column":18},"end":{"line":18,"column":5}},"line":13},"3":{"name":"(anonymous_3)","decl":{"start":{"line":21,"column":4},"end":{"line":21,"column":5}},"loc":{"start":{"line":21,"column":24},"end":{"line":30,"column":5}},"line":21},"4":{"name":"(anonymous_4)","decl":{"start":{"line":33,"column":4},"end":{"line":33,"column":5}},"loc":{"start":{"line":33,"column":41},"end":{"line":41,"column":5}},"line":33},"5":{"name":"(anonymous_5)","decl":{"start":{"line":35,"column":30},"end":{"line":35,"column":31}},"loc":{"start":{"line":35,"column":64},"end":{"line":40,"column":9}},"line":35},"6":{"name":"(anonymous_6)","decl":{"start":{"line":48,"column":4},"end":{"line":48,"column":5}},"loc":{"start":{"line":48,"column":19},"end":{"line":54,"column":5}},"line":48},"7":{"name":"(anonymous_7)","decl":{"start":{"line":56,"column":4},"end":{"line":56,"column":5}},"loc":{"start":{"line":56,"column":19},"end":{"line":61,"column":5}},"line":56},"8":{"name":"(anonymous_8)","decl":{"start":{"line":63,"column":4},"end":{"line":63,"column":5}},"loc":{"start":{"line":63,"column":21},"end":{"line":91,"column":5}},"line":63},"9":{"name":"(anonymous_9)","decl":{"start":{"line":93,"column":4},"end":{"line":93,"column":5}},"loc":{"start":{"line":93,"column":25},"end":{"line":101,"column":5}},"line":93},"10":{"name":"(anonymous_10)","decl":{"start":{"line":102,"column":4},"end":{"line":102,"column":5}},"loc":{"start":{"line":102,"column":30},"end":{"line":141,"column":5}},"line":102},"11":{"name":"(anonymous_11)","decl":{"start":{"line":103,"column":71},"end":{"line":103,"column":72}},"loc":{"start":{"line":103,"column":79},"end":{"line":140,"column":9}},"line":103},"12":{"name":"(anonymous_12)","decl":{"start":{"line":104,"column":44},"end":{"line":104,"column":45}},"loc":{"start":{"line":104,"column":51},"end":{"line":131,"column":13}},"line":104},"13":{"name":"(anonymous_13)","decl":{"start":{"line":119,"column":44},"end":{"line":119,"column":45}},"loc":{"start":{"line":119,"column":49},"end":{"line":119,"column":68}},"line":119},"14":{"name":"(anonymous_14)","decl":{"start":{"line":132,"column":43},"end":{"line":132,"column":44}},"loc":{"start":{"line":132,"column":50},"end":{"line":139,"column":13}},"line":132},"15":{"name":"(anonymous_15)","decl":{"start":{"line":143,"column":4},"end":{"line":143,"column":5}},"loc":{"start":{"line":143,"column":29},"end":{"line":166,"column":5}},"line":143},"16":{"name":"(anonymous_16)","decl":{"start":{"line":144,"column":70},"end":{"line":144,"column":71}},"loc":{"start":{"line":144,"column":80},"end":{"line":165,"column":9}},"line":144},"17":{"name":"(anonymous_17)","decl":{"start":{"line":145,"column":46},"end":{"line":145,"column":47}},"loc":{"start":{"line":145,"column":53},"end":{"line":160,"column":13}},"line":145},"18":{"name":"(anonymous_18)","decl":{"start":{"line":150,"column":46},"end":{"line":150,"column":47}},"loc":{"start":{"line":150,"column":54},"end":{"line":154,"column":17}},"line":150},"19":{"name":"(anonymous_19)","decl":{"start":{"line":161,"column":45},"end":{"line":161,"column":46}},"loc":{"start":{"line":161,"column":52},"end":{"line":164,"column":13}},"line":161},"20":{"name":"(anonymous_20)","decl":{"start":{"line":170,"column":4},"end":{"line":170,"column":5}},"loc":{"start":{"line":170,"column":24},"end":{"line":178,"column":5}},"line":170},"21":{"name":"(anonymous_21)","decl":{"start":{"line":175,"column":67},"end":{"line":175,"column":68}},"loc":{"start":{"line":175,"column":77},"end":{"line":177,"column":9}},"line":175},"22":{"name":"(anonymous_22)","decl":{"start":{"line":176,"column":45},"end":{"line":176,"column":46}},"loc":{"start":{"line":176,"column":52},"end":{"line":176,"column":72}},"line":176},"23":{"name":"(anonymous_23)","decl":{"start":{"line":182,"column":4},"end":{"line":182,"column":5}},"loc":{"start":{"line":182,"column":24},"end":{"line":214,"column":5}},"line":182},"24":{"name":"(anonymous_24)","decl":{"start":{"line":192,"column":91},"end":{"line":192,"column":92}},"loc":{"start":{"line":192,"column":98},"end":{"line":194,"column":13}},"line":192},"25":{"name":"(anonymous_25)","decl":{"start":{"line":217,"column":4},"end":{"line":217,"column":5}},"loc":{"start":{"line":217,"column":28},"end":{"line":238,"column":5}},"line":217},"26":{"name":"(anonymous_26)","decl":{"start":{"line":219,"column":57},"end":{"line":219,"column":58}},"loc":{"start":{"line":219,"column":78},"end":{"line":222,"column":9}},"line":219},"27":{"name":"(anonymous_27)","decl":{"start":{"line":234,"column":23},"end":{"line":234,"column":24}},"loc":{"start":{"line":234,"column":29},"end":{"line":234,"column":48}},"line":234},"28":{"name":"(anonymous_28)","decl":{"start":{"line":240,"column":4},"end":{"line":240,"column":5}},"loc":{"start":{"line":240,"column":21},"end":{"line":259,"column":5}},"line":240},"29":{"name":"(anonymous_29)","decl":{"start":{"line":248,"column":70},"end":{"line":248,"column":71}},"loc":{"start":{"line":248,"column":89},"end":{"line":258,"column":9}},"line":248},"30":{"name":"(anonymous_30)","decl":{"start":{"line":251,"column":58},"end":{"line":251,"column":59}},"loc":{"start":{"line":251,"column":65},"end":{"line":251,"column":82}},"line":251},"31":{"name":"(anonymous_31)","decl":{"start":{"line":256,"column":54},"end":{"line":256,"column":55}},"loc":{"start":{"line":256,"column":61},"end":{"line":256,"column":82}},"line":256},"32":{"name":"(anonymous_32)","decl":{"start":{"line":261,"column":4},"end":{"line":261,"column":5}},"loc":{"start":{"line":261,"column":18},"end":{"line":291,"column":5}},"line":261},"33":{"name":"(anonymous_33)","decl":{"start":{"line":287,"column":75},"end":{"line":287,"column":76}},"loc":{"start":{"line":287,"column":82},"end":{"line":287,"column":99}},"line":287},"34":{"name":"(anonymous_34)","decl":{"start":{"line":288,"column":80},"end":{"line":288,"column":81}},"loc":{"start":{"line":288,"column":86},"end":{"line":290,"column":9}},"line":288},"35":{"name":"(anonymous_35)","decl":{"start":{"line":293,"column":4},"end":{"line":293,"column":5}},"loc":{"start":{"line":293,"column":21},"end":{"line":326,"column":5}},"line":293},"36":{"name":"(anonymous_36)","decl":{"start":{"line":319,"column":53},"end":{"line":319,"column":54}},"loc":{"start":{"line":319,"column":59},"end":{"line":321,"column":9}},"line":319},"37":{"name":"(anonymous_37)","decl":{"start":{"line":328,"column":4},"end":{"line":328,"column":5}},"loc":{"start":{"line":328,"column":23},"end":{"line":421,"column":5}},"line":328},"38":{"name":"(anonymous_38)","decl":{"start":{"line":343,"column":33},"end":{"line":343,"column":34}},"loc":{"start":{"line":343,"column":44},"end":{"line":394,"column":9}},"line":343},"39":{"name":"(anonymous_39)","decl":{"start":{"line":347,"column":45},"end":{"line":347,"column":46}},"loc":{"start":{"line":347,"column":54},"end":{"line":347,"column":72}},"line":347},"40":{"name":"(anonymous_40)","decl":{"start":{"line":347,"column":81},"end":{"line":347,"column":82}},"loc":{"start":{"line":347,"column":90},"end":{"line":347,"column":95}},"line":347},"41":{"name":"(anonymous_41)","decl":{"start":{"line":366,"column":33},"end":{"line":366,"column":34}},"loc":{"start":{"line":366,"column":42},"end":{"line":383,"column":13}},"line":366},"42":{"name":"(anonymous_42)","decl":{"start":{"line":386,"column":36},"end":{"line":386,"column":37}},"loc":{"start":{"line":386,"column":45},"end":{"line":389,"column":13}},"line":386},"43":{"name":"(anonymous_43)","decl":{"start":{"line":417,"column":82},"end":{"line":417,"column":83}},"loc":{"start":{"line":417,"column":88},"end":{"line":417,"column":118}},"line":417},"44":{"name":"(anonymous_44)","decl":{"start":{"line":427,"column":4},"end":{"line":427,"column":5}},"loc":{"start":{"line":427,"column":35},"end":{"line":440,"column":5}},"line":427},"45":{"name":"(anonymous_45)","decl":{"start":{"line":442,"column":4},"end":{"line":442,"column":5}},"loc":{"start":{"line":442,"column":27},"end":{"line":488,"column":5}},"line":442},"46":{"name":"(anonymous_46)","decl":{"start":{"line":445,"column":63},"end":{"line":445,"column":64}},"loc":{"start":{"line":445,"column":69},"end":{"line":445,"column":100}},"line":445},"47":{"name":"(anonymous_47)","decl":{"start":{"line":446,"column":67},"end":{"line":446,"column":68}},"loc":{"start":{"line":446,"column":73},"end":{"line":446,"column":108}},"line":446},"48":{"name":"(anonymous_48)","decl":{"start":{"line":448,"column":64},"end":{"line":448,"column":65}},"loc":{"start":{"line":448,"column":70},"end":{"line":448,"column":99}},"line":448},"49":{"name":"(anonymous_49)","decl":{"start":{"line":449,"column":64},"end":{"line":449,"column":65}},"loc":{"start":{"line":449,"column":70},"end":{"line":449,"column":99}},"line":449},"50":{"name":"(anonymous_50)","decl":{"start":{"line":453,"column":64},"end":{"line":453,"column":65}},"loc":{"start":{"line":453,"column":71},"end":{"line":458,"column":9}},"line":453},"51":{"name":"(anonymous_51)","decl":{"start":{"line":460,"column":64},"end":{"line":460,"column":65}},"loc":{"start":{"line":460,"column":74},"end":{"line":467,"column":9}},"line":460},"52":{"name":"(anonymous_52)","decl":{"start":{"line":461,"column":45},"end":{"line":461,"column":46}},"loc":{"start":{"line":461,"column":52},"end":{"line":466,"column":13}},"line":461},"53":{"name":"(anonymous_53)","decl":{"start":{"line":469,"column":63},"end":{"line":469,"column":64}},"loc":{"start":{"line":469,"column":73},"end":{"line":476,"column":9}},"line":469},"54":{"name":"(anonymous_54)","decl":{"start":{"line":470,"column":45},"end":{"line":470,"column":46}},"loc":{"start":{"line":470,"column":52},"end":{"line":475,"column":13}},"line":470},"55":{"name":"(anonymous_55)","decl":{"start":{"line":483,"column":62},"end":{"line":483,"column":63}},"loc":{"start":{"line":483,"column":73},"end":{"line":485,"column":13}},"line":483},"56":{"name":"(anonymous_56)","decl":{"start":{"line":495,"column":4},"end":{"line":495,"column":5}},"loc":{"start":{"line":495,"column":29},"end":{"line":509,"column":5}},"line":495},"57":{"name":"(anonymous_57)","decl":{"start":{"line":505,"column":23},"end":{"line":505,"column":24}},"loc":{"start":{"line":505,"column":29},"end":{"line":507,"column":13}},"line":505},"58":{"name":"(anonymous_58)","decl":{"start":{"line":511,"column":4},"end":{"line":511,"column":5}},"loc":{"start":{"line":511,"column":31},"end":{"line":519,"column":5}},"line":511},"59":{"name":"(anonymous_59)","decl":{"start":{"line":521,"column":4},"end":{"line":521,"column":5}},"loc":{"start":{"line":521,"column":29},"end":{"line":547,"column":5}},"line":521},"60":{"name":"(anonymous_60)","decl":{"start":{"line":554,"column":4},"end":{"line":554,"column":5}},"loc":{"start":{"line":554,"column":30},"end":{"line":566,"column":5}},"line":554},"61":{"name":"(anonymous_61)","decl":{"start":{"line":568,"column":4},"end":{"line":568,"column":5}},"loc":{"start":{"line":568,"column":32},"end":{"line":584,"column":5}},"line":568},"62":{"name":"(anonymous_62)","decl":{"start":{"line":586,"column":4},"end":{"line":586,"column":5}},"loc":{"start":{"line":586,"column":33},"end":{"line":595,"column":5}},"line":586},"63":{"name":"(anonymous_63)","decl":{"start":{"line":598,"column":4},"end":{"line":598,"column":5}},"loc":{"start":{"line":598,"column":25},"end":{"line":635,"column":5}},"line":598}},"branchMap":{"0":{"loc":{"start":{"line":25,"column":8},"end":{"line":29,"column":9}},"type":"if","locations":[{"start":{"line":25,"column":8},"end":{"line":29,"column":9}},{"start":{"line":27,"column":15},"end":{"line":29,"column":9}}],"line":25},"1":{"loc":{"start":{"line":33,"column":21},"end":{"line":33,"column":39}},"type":"default-arg","locations":[{"start":{"line":33,"column":37},"end":{"line":33,"column":39}}],"line":33},"2":{"loc":{"start":{"line":37,"column":12},"end":{"line":39,"column":13}},"type":"if","locations":[{"start":{"line":37,"column":12},"end":{"line":39,"column":13}},{"start":{},"end":{}}],"line":37},"3":{"loc":{"start":{"line":67,"column":8},"end":{"line":70,"column":9}},"type":"if","locations":[{"start":{"line":67,"column":8},"end":{"line":70,"column":9}},{"start":{},"end":{}}],"line":67},"4":{"loc":{"start":{"line":80,"column":12},"end":{"line":89,"column":13}},"type":"if","locations":[{"start":{"line":80,"column":12},"end":{"line":89,"column":13}},{"start":{"line":87,"column":19},"end":{"line":89,"column":13}}],"line":80},"5":{"loc":{"start":{"line":111,"column":16},"end":{"line":130,"column":17}},"type":"if","locations":[{"start":{"line":111,"column":16},"end":{"line":130,"column":17}},{"start":{"line":118,"column":21},"end":{"line":130,"column":17}}],"line":111},"6":{"loc":{"start":{"line":113,"column":20},"end":{"line":115,"column":21}},"type":"if","locations":[{"start":{"line":113,"column":20},"end":{"line":115,"column":21}},{"start":{},"end":{}}],"line":113},"7":{"loc":{"start":{"line":120,"column":20},"end":{"line":129,"column":21}},"type":"if","locations":[{"start":{"line":120,"column":20},"end":{"line":129,"column":21}},{"start":{"line":123,"column":27},"end":{"line":129,"column":21}}],"line":120},"8":{"loc":{"start":{"line":126,"column":24},"end":{"line":128,"column":25}},"type":"if","locations":[{"start":{"line":126,"column":24},"end":{"line":128,"column":25}},{"start":{},"end":{}}],"line":126},"9":{"loc":{"start":{"line":136,"column":16},"end":{"line":138,"column":17}},"type":"if","locations":[{"start":{"line":136,"column":16},"end":{"line":138,"column":17}},{"start":{},"end":{}}],"line":136},"10":{"loc":{"start":{"line":153,"column":27},"end":{"line":153,"column":50}},"type":"binary-expr","locations":[{"start":{"line":153,"column":27},"end":{"line":153,"column":37}},{"start":{"line":153,"column":41},"end":{"line":153,"column":50}}],"line":153},"11":{"loc":{"start":{"line":185,"column":8},"end":{"line":185,"column":28}},"type":"if","locations":[{"start":{"line":185,"column":8},"end":{"line":185,"column":28}},{"start":{},"end":{}}],"line":185},"12":{"loc":{"start":{"line":191,"column":8},"end":{"line":213,"column":9}},"type":"if","locations":[{"start":{"line":191,"column":8},"end":{"line":213,"column":9}},{"start":{"line":197,"column":15},"end":{"line":213,"column":9}}],"line":191},"13":{"loc":{"start":{"line":201,"column":12},"end":{"line":203,"column":13}},"type":"if","locations":[{"start":{"line":201,"column":12},"end":{"line":203,"column":13}},{"start":{},"end":{}}],"line":201},"14":{"loc":{"start":{"line":208,"column":12},"end":{"line":212,"column":13}},"type":"if","locations":[{"start":{"line":208,"column":12},"end":{"line":212,"column":13}},{"start":{"line":210,"column":19},"end":{"line":212,"column":13}}],"line":208},"15":{"loc":{"start":{"line":221,"column":19},"end":{"line":221,"column":96}},"type":"cond-expr","locations":[{"start":{"line":221,"column":50},"end":{"line":221,"column":84}},{"start":{"line":221,"column":87},"end":{"line":221,"column":96}}],"line":221},"16":{"loc":{"start":{"line":221,"column":50},"end":{"line":221,"column":84}},"type":"binary-expr","locations":[{"start":{"line":221,"column":50},"end":{"line":221,"column":59}},{"start":{"line":221,"column":63},"end":{"line":221,"column":84}}],"line":221},"17":{"loc":{"start":{"line":224,"column":8},"end":{"line":227,"column":9}},"type":"if","locations":[{"start":{"line":224,"column":8},"end":{"line":227,"column":9}},{"start":{},"end":{}}],"line":224},"18":{"loc":{"start":{"line":250,"column":12},"end":{"line":252,"column":13}},"type":"if","locations":[{"start":{"line":250,"column":12},"end":{"line":252,"column":13}},{"start":{},"end":{}}],"line":250},"19":{"loc":{"start":{"line":255,"column":12},"end":{"line":257,"column":13}},"type":"if","locations":[{"start":{"line":255,"column":12},"end":{"line":257,"column":13}},{"start":{},"end":{}}],"line":255},"20":{"loc":{"start":{"line":296,"column":8},"end":{"line":296,"column":37}},"type":"if","locations":[{"start":{"line":296,"column":8},"end":{"line":296,"column":37}},{"start":{},"end":{}}],"line":296},"21":{"loc":{"start":{"line":300,"column":8},"end":{"line":300,"column":38}},"type":"if","locations":[{"start":{"line":300,"column":8},"end":{"line":300,"column":38}},{"start":{},"end":{}}],"line":300},"22":{"loc":{"start":{"line":333,"column":8},"end":{"line":336,"column":9}},"type":"if","locations":[{"start":{"line":333,"column":8},"end":{"line":336,"column":9}},{"start":{},"end":{}}],"line":333},"23":{"loc":{"start":{"line":333,"column":12},"end":{"line":333,"column":36}},"type":"binary-expr","locations":[{"start":{"line":333,"column":12},"end":{"line":333,"column":18}},{"start":{"line":333,"column":22},"end":{"line":333,"column":36}}],"line":333},"24":{"loc":{"start":{"line":350,"column":12},"end":{"line":355,"column":13}},"type":"if","locations":[{"start":{"line":350,"column":12},"end":{"line":355,"column":13}},{"start":{"line":353,"column":19},"end":{"line":355,"column":13}}],"line":350},"25":{"loc":{"start":{"line":358,"column":12},"end":{"line":360,"column":13}},"type":"if","locations":[{"start":{"line":358,"column":12},"end":{"line":360,"column":13}},{"start":{},"end":{}}],"line":358},"26":{"loc":{"start":{"line":358,"column":16},"end":{"line":358,"column":61}},"type":"binary-expr","locations":[{"start":{"line":358,"column":16},"end":{"line":358,"column":39}},{"start":{"line":358,"column":43},"end":{"line":358,"column":61}}],"line":358},"27":{"loc":{"start":{"line":368,"column":16},"end":{"line":382,"column":17}},"type":"if","locations":[{"start":{"line":368,"column":16},"end":{"line":382,"column":17}},{"start":{"line":371,"column":23},"end":{"line":382,"column":17}}],"line":368},"28":{"loc":{"start":{"line":375,"column":20},"end":{"line":381,"column":21}},"type":"if","locations":[{"start":{"line":375,"column":20},"end":{"line":381,"column":21}},{"start":{"line":379,"column":27},"end":{"line":381,"column":21}}],"line":375},"29":{"loc":{"start":{"line":391,"column":12},"end":{"line":393,"column":13}},"type":"if","locations":[{"start":{"line":391,"column":12},"end":{"line":393,"column":13}},{"start":{},"end":{}}],"line":391},"30":{"loc":{"start":{"line":391,"column":16},"end":{"line":391,"column":83}},"type":"binary-expr","locations":[{"start":{"line":391,"column":16},"end":{"line":391,"column":28}},{"start":{"line":391,"column":32},"end":{"line":391,"column":51}},{"start":{"line":391,"column":55},"end":{"line":391,"column":83}}],"line":391},"31":{"loc":{"start":{"line":396,"column":8},"end":{"line":399,"column":9}},"type":"if","locations":[{"start":{"line":396,"column":8},"end":{"line":399,"column":9}},{"start":{},"end":{}}],"line":396},"32":{"loc":{"start":{"line":401,"column":8},"end":{"line":404,"column":9}},"type":"if","locations":[{"start":{"line":401,"column":8},"end":{"line":404,"column":9}},{"start":{},"end":{}}],"line":401},"33":{"loc":{"start":{"line":428,"column":8},"end":{"line":431,"column":9}},"type":"if","locations":[{"start":{"line":428,"column":8},"end":{"line":431,"column":9}},{"start":{},"end":{}}],"line":428},"34":{"loc":{"start":{"line":430,"column":12},"end":{"line":430,"column":50}},"type":"if","locations":[{"start":{"line":430,"column":12},"end":{"line":430,"column":50}},{"start":{},"end":{}}],"line":430},"35":{"loc":{"start":{"line":455,"column":12},"end":{"line":457,"column":13}},"type":"if","locations":[{"start":{"line":455,"column":12},"end":{"line":457,"column":13}},{"start":{},"end":{}}],"line":455},"36":{"loc":{"start":{"line":463,"column":16},"end":{"line":465,"column":17}},"type":"if","locations":[{"start":{"line":463,"column":16},"end":{"line":465,"column":17}},{"start":{},"end":{}}],"line":463},"37":{"loc":{"start":{"line":472,"column":16},"end":{"line":474,"column":17}},"type":"if","locations":[{"start":{"line":472,"column":16},"end":{"line":474,"column":17}},{"start":{},"end":{}}],"line":472},"38":{"loc":{"start":{"line":482,"column":8},"end":{"line":486,"column":9}},"type":"if","locations":[{"start":{"line":482,"column":8},"end":{"line":486,"column":9}},{"start":{},"end":{}}],"line":482},"39":{"loc":{"start":{"line":482,"column":12},"end":{"line":482,"column":35}},"type":"binary-expr","locations":[{"start":{"line":482,"column":12},"end":{"line":482,"column":18}},{"start":{"line":482,"column":22},"end":{"line":482,"column":35}}],"line":482},"40":{"loc":{"start":{"line":484,"column":8},"end":{"line":484,"column":59}},"type":"if","locations":[{"start":{"line":484,"column":8},"end":{"line":484,"column":59}},{"start":{},"end":{}}],"line":484},"41":{"loc":{"start":{"line":501,"column":26},"end":{"line":502,"column":69}},"type":"binary-expr","locations":[{"start":{"line":501,"column":26},"end":{"line":501,"column":72}},{"start":{"line":502,"column":25},"end":{"line":502,"column":69}}],"line":501},"42":{"loc":{"start":{"line":503,"column":8},"end":{"line":508,"column":9}},"type":"if","locations":[{"start":{"line":503,"column":8},"end":{"line":508,"column":9}},{"start":{},"end":{}}],"line":503},"43":{"loc":{"start":{"line":526,"column":8},"end":{"line":529,"column":9}},"type":"if","locations":[{"start":{"line":526,"column":8},"end":{"line":529,"column":9}},{"start":{},"end":{}}],"line":526},"44":{"loc":{"start":{"line":532,"column":8},"end":{"line":535,"column":9}},"type":"if","locations":[{"start":{"line":532,"column":8},"end":{"line":535,"column":9}},{"start":{},"end":{}}],"line":532},"45":{"loc":{"start":{"line":572,"column":30},"end":{"line":572,"column":124}},"type":"binary-expr","locations":[{"start":{"line":572,"column":30},"end":{"line":572,"column":76}},{"start":{"line":572,"column":80},"end":{"line":572,"column":124}}],"line":572},"46":{"loc":{"start":{"line":573,"column":12},"end":{"line":575,"column":13}},"type":"if","locations":[{"start":{"line":573,"column":12},"end":{"line":575,"column":13}},{"start":{},"end":{}}],"line":573},"47":{"loc":{"start":{"line":579,"column":30},"end":{"line":579,"column":124}},"type":"binary-expr","locations":[{"start":{"line":579,"column":30},"end":{"line":579,"column":76}},{"start":{"line":579,"column":80},"end":{"line":579,"column":124}}],"line":579},"48":{"loc":{"start":{"line":580,"column":12},"end":{"line":582,"column":13}},"type":"if","locations":[{"start":{"line":580,"column":12},"end":{"line":582,"column":13}},{"start":{},"end":{}}],"line":580},"49":{"loc":{"start":{"line":602,"column":8},"end":{"line":605,"column":9}},"type":"if","locations":[{"start":{"line":602,"column":8},"end":{"line":605,"column":9}},{"start":{},"end":{}}],"line":602},"50":{"loc":{"start":{"line":610,"column":31},"end":{"line":610,"column":76}},"type":"binary-expr","locations":[{"start":{"line":610,"column":31},"end":{"line":610,"column":69}},{"start":{"line":610,"column":73},"end":{"line":610,"column":76}}],"line":610},"51":{"loc":{"start":{"line":615,"column":8},"end":{"line":619,"column":9}},"type":"if","locations":[{"start":{"line":615,"column":8},"end":{"line":619,"column":9}},{"start":{},"end":{}}],"line":615},"52":{"loc":{"start":{"line":622,"column":8},"end":{"line":624,"column":9}},"type":"if","locations":[{"start":{"line":622,"column":8},"end":{"line":624,"column":9}},{"start":{},"end":{}}],"line":622},"53":{"loc":{"start":{"line":627,"column":8},"end":{"line":632,"column":9}},"type":"if","locations":[{"start":{"line":627,"column":8},"end":{"line":632,"column":9}},{"start":{},"end":{}}],"line":627}},"s":{"0":1,"1":1,"2":1,"3":1,"4":13,"5":13,"6":13,"7":13,"8":13,"9":13,"10":13,"11":1,"12":12,"13":26,"14":26,"15":65,"16":65,"17":65,"18":13,"19":3,"20":3,"21":3,"22":3,"23":1,"24":1,"25":2,"26":2,"27":2,"28":1,"29":1,"30":1,"31":1,"32":1,"33":0,"34":2,"35":2,"36":2,"37":2,"38":3,"39":3,"40":2,"41":2,"42":2,"43":2,"44":2,"45":2,"46":0,"47":0,"48":0,"49":0,"50":2,"51":2,"52":2,"53":1,"54":1,"55":1,"56":1,"57":1,"58":1,"59":3,"60":0,"61":0,"62":0,"63":0,"64":0,"65":3,"66":3,"67":1,"68":1,"69":1,"70":1,"71":1,"72":1,"73":1,"74":1,"75":1,"76":1,"77":3,"78":1,"79":1,"80":4,"81":4,"82":6,"83":5,"84":5,"85":5,"86":0,"87":5,"88":5,"89":5,"90":5,"91":2,"92":4,"93":2,"94":2,"95":3,"96":3,"97":3,"98":0,"99":3,"100":3,"101":3,"102":1,"103":2,"104":1,"105":1,"106":1,"107":1,"108":1,"109":1,"110":1,"111":0,"112":0,"113":0,"114":0,"115":0,"116":0,"117":0,"118":3,"119":3,"120":3,"121":3,"122":3,"123":1,"124":3,"125":3,"126":3,"127":1,"128":1,"129":1,"130":1,"131":1,"132":1,"133":1,"134":1,"135":1,"136":0,"137":1,"138":0,"139":1,"140":1,"141":0,"142":1,"143":1,"144":0,"145":1,"146":1,"147":1,"148":1,"149":1,"150":1,"151":1,"152":1,"153":1,"154":1,"155":1,"156":1,"157":1,"158":1,"159":1,"160":1,"161":0,"162":1,"163":1,"164":1,"165":3,"166":3,"167":3,"168":3,"169":1,"170":1,"171":2,"172":2,"173":2,"174":2,"175":2,"176":2,"177":2,"178":2,"179":2,"180":4,"181":4,"182":2,"183":2,"184":2,"185":0,"186":2,"187":1,"188":2,"189":2,"190":2,"191":4,"192":4,"193":2,"194":2,"195":2,"196":2,"197":1,"198":1,"199":1,"200":1,"201":2,"202":1,"203":1,"204":2,"205":0,"206":2,"207":2,"208":2,"209":0,"210":0,"211":0,"212":0,"213":0,"214":0,"215":0,"216":0,"217":0,"218":0,"219":0,"220":0,"221":0,"222":0,"223":0,"224":0,"225":0,"226":0,"227":0,"228":0,"229":0,"230":0,"231":0,"232":0,"233":0,"234":0,"235":0,"236":0,"237":0,"238":0,"239":0,"240":0,"241":0,"242":0,"243":0,"244":0,"245":0,"246":0,"247":0,"248":0,"249":0,"250":0,"251":0,"252":0,"253":0,"254":0,"255":1,"256":1,"257":1,"258":1,"259":1,"260":1,"261":1,"262":0,"263":0,"264":0,"265":0,"266":0,"267":0,"268":3,"269":3,"270":3,"271":3,"272":1,"273":1,"274":2,"275":2,"276":1,"277":1,"278":1,"279":1,"280":1,"281":1,"282":1,"283":1,"284":0,"285":1,"286":1,"287":1,"288":1,"289":1,"290":1,"291":1,"292":0,"293":1,"294":1,"295":1,"296":1,"297":1,"298":1,"299":0,"300":0,"301":0,"302":1,"303":1,"304":0,"305":0,"306":0,"307":1,"308":1,"309":1,"310":1,"311":0,"312":0,"313":1,"314":1,"315":1,"316":1,"317":1,"318":1,"319":1,"320":1,"321":1,"322":1,"323":1,"324":1,"325":1,"326":1,"327":1},"f":{"0":1,"1":1,"2":13,"3":13,"4":26,"5":65,"6":13,"7":3,"8":3,"9":2,"10":3,"11":3,"12":2,"13":2,"14":0,"15":3,"16":3,"17":1,"18":1,"19":1,"20":4,"21":6,"22":5,"23":5,"24":4,"25":1,"26":1,"27":0,"28":3,"29":3,"30":1,"31":1,"32":1,"33":0,"34":0,"35":1,"36":0,"37":3,"38":2,"39":4,"40":4,"41":4,"42":1,"43":0,"44":0,"45":0,"46":0,"47":0,"48":0,"49":0,"50":0,"51":0,"52":0,"53":0,"54":0,"55":0,"56":1,"57":0,"58":0,"59":3,"60":1,"61":1,"62":1,"63":1},"b":{"0":[1,12],"1":[0],"2":[65,0],"3":[1,2],"4":[1,0],"5":[0,2],"6":[0,0],"7":[1,1],"8":[1,0],"9":[0,0],"10":[1,0],"11":[0,5],"12":[2,3],"13":[0,3],"14":[1,2],"15":[0,1],"16":[0,0],"17":[1,0],"18":[3,0],"19":[3,0],"20":[0,1],"21":[0,1],"22":[1,2],"23":[3,2],"24":[2,0],"25":[1,1],"26":[2,2],"27":[2,2],"28":[1,1],"29":[0,2],"30":[2,0,0],"31":[2,0],"32":[0,0],"33":[0,0],"34":[0,0],"35":[0,0],"36":[0,0],"37":[0,0],"38":[0,0],"39":[0,0],"40":[0,0],"41":[1,0],"42":[1,0],"43":[1,2],"44":[1,1],"45":[1,0],"46":[1,0],"47":[0,0],"48":[0,0],"49":[0,1],"50":[1,0],"51":[1,0],"52":[1,0],"53":[1,0]},"_coverageSchema":"1a1c01bbd47fc00a2c39e90264f33305004495a9","hash":"a3aaa4c07796d5bc7aa089a917632f76f4a5728e"}
,"/Users/jonathanwieder/UNI-Lokal/4. Semester/Webentwicklung/Webentwicklung/frontend/templates.js": {"path":"/Users/jonathanwieder/UNI-Lokal/4. Semester/Webentwicklung/Webentwicklung/frontend/templates.js","statementMap":{"0":{"start":{"line":7,"column":35},"end":{"line":24,"column":1}},"1":{"start":{"line":7,"column":41},"end":{"line":24,"column":1}},"2":{"start":{"line":29,"column":35},"end":{"line":49,"column":1}},"3":{"start":{"line":29,"column":41},"end":{"line":49,"column":1}},"4":{"start":{"line":55,"column":40},"end":{"line":76,"column":1}},"5":{"start":{"line":55,"column":50},"end":{"line":76,"column":1}},"6":{"start":{"line":65,"column":55},"end":{"line":65,"column":80}},"7":{"start":{"line":85,"column":28},"end":{"line":105,"column":1}},"8":{"start":{"line":85,"column":49},"end":{"line":105,"column":1}},"9":{"start":{"line":92,"column":42},"end":{"line":102,"column":13}},"10":{"start":{"line":111,"column":37},"end":{"line":161,"column":1}},"11":{"start":{"line":111,"column":43},"end":{"line":161,"column":1}},"12":{"start":{"line":167,"column":37},"end":{"line":253,"column":1}},"13":{"start":{"line":167,"column":79},"end":{"line":253,"column":1}},"14":{"start":{"line":211,"column":83},"end":{"line":216,"column":21}},"15":{"start":{"line":239,"column":75},"end":{"line":244,"column":21}},"16":{"start":{"line":259,"column":26},"end":{"line":282,"column":1}},"17":{"start":{"line":261,"column":18},"end":{"line":261,"column":39}},"18":{"start":{"line":262,"column":4},"end":{"line":281,"column":6}},"19":{"start":{"line":271,"column":39},"end":{"line":271,"column":89}},"20":{"start":{"line":272,"column":20},"end":{"line":277,"column":22}},"21":{"start":{"line":288,"column":35},"end":{"line":329,"column":1}},"22":{"start":{"line":288,"column":46},"end":{"line":329,"column":1}},"23":{"start":{"line":304,"column":63},"end":{"line":320,"column":25}}},"fnMap":{"0":{"name":"(anonymous_0)","decl":{"start":{"line":7,"column":35},"end":{"line":7,"column":36}},"loc":{"start":{"line":7,"column":41},"end":{"line":24,"column":1}},"line":7},"1":{"name":"(anonymous_1)","decl":{"start":{"line":29,"column":35},"end":{"line":29,"column":36}},"loc":{"start":{"line":29,"column":41},"end":{"line":49,"column":1}},"line":29},"2":{"name":"(anonymous_2)","decl":{"start":{"line":55,"column":40},"end":{"line":55,"column":41}},"loc":{"start":{"line":55,"column":50},"end":{"line":76,"column":1}},"line":55},"3":{"name":"(anonymous_3)","decl":{"start":{"line":65,"column":45},"end":{"line":65,"column":46}},"loc":{"start":{"line":65,"column":55},"end":{"line":65,"column":80}},"line":65},"4":{"name":"(anonymous_4)","decl":{"start":{"line":85,"column":28},"end":{"line":85,"column":29}},"loc":{"start":{"line":85,"column":49},"end":{"line":105,"column":1}},"line":85},"5":{"name":"(anonymous_5)","decl":{"start":{"line":92,"column":35},"end":{"line":92,"column":36}},"loc":{"start":{"line":92,"column":42},"end":{"line":102,"column":13}},"line":92},"6":{"name":"(anonymous_6)","decl":{"start":{"line":111,"column":37},"end":{"line":111,"column":38}},"loc":{"start":{"line":111,"column":43},"end":{"line":161,"column":1}},"line":111},"7":{"name":"(anonymous_7)","decl":{"start":{"line":167,"column":37},"end":{"line":167,"column":38}},"loc":{"start":{"line":167,"column":79},"end":{"line":253,"column":1}},"line":167},"8":{"name":"(anonymous_8)","decl":{"start":{"line":211,"column":77},"end":{"line":211,"column":78}},"loc":{"start":{"line":211,"column":83},"end":{"line":216,"column":21}},"line":211},"9":{"name":"(anonymous_9)","decl":{"start":{"line":239,"column":69},"end":{"line":239,"column":70}},"loc":{"start":{"line":239,"column":75},"end":{"line":244,"column":21}},"line":239},"10":{"name":"(anonymous_10)","decl":{"start":{"line":259,"column":26},"end":{"line":259,"column":27}},"loc":{"start":{"line":259,"column":38},"end":{"line":282,"column":1}},"line":259},"11":{"name":"(anonymous_11)","decl":{"start":{"line":269,"column":53},"end":{"line":269,"column":54}},"loc":{"start":{"line":269,"column":74},"end":{"line":278,"column":17}},"line":269},"12":{"name":"(anonymous_12)","decl":{"start":{"line":288,"column":35},"end":{"line":288,"column":36}},"loc":{"start":{"line":288,"column":46},"end":{"line":329,"column":1}},"line":288},"13":{"name":"(anonymous_13)","decl":{"start":{"line":304,"column":55},"end":{"line":304,"column":56}},"loc":{"start":{"line":304,"column":63},"end":{"line":320,"column":25}},"line":304}},"branchMap":{"0":{"loc":{"start":{"line":86,"column":41},"end":{"line":86,"column":105}},"type":"cond-expr","locations":[{"start":{"line":86,"column":70},"end":{"line":86,"column":85}},{"start":{"line":86,"column":88},"end":{"line":86,"column":105}}],"line":86},"1":{"loc":{"start":{"line":89,"column":32},"end":{"line":89,"column":97}},"type":"cond-expr","locations":[{"start":{"line":89,"column":61},"end":{"line":89,"column":73}},{"start":{"line":89,"column":76},"end":{"line":89,"column":97}}],"line":89},"2":{"loc":{"start":{"line":97,"column":32},"end":{"line":97,"column":81}},"type":"cond-expr","locations":[{"start":{"line":97,"column":61},"end":{"line":97,"column":68}},{"start":{"line":97,"column":71},"end":{"line":97,"column":81}}],"line":97},"3":{"loc":{"start":{"line":99,"column":68},"end":{"line":99,"column":106}},"type":"cond-expr","locations":[{"start":{"line":99,"column":97},"end":{"line":99,"column":100}},{"start":{"line":99,"column":103},"end":{"line":99,"column":106}}],"line":99},"4":{"loc":{"start":{"line":99,"column":128},"end":{"line":99,"column":166}},"type":"cond-expr","locations":[{"start":{"line":99,"column":157},"end":{"line":99,"column":160}},{"start":{"line":99,"column":163},"end":{"line":99,"column":166}}],"line":99},"5":{"loc":{"start":{"line":180,"column":89},"end":{"line":180,"column":130}},"type":"cond-expr","locations":[{"start":{"line":180,"column":103},"end":{"line":180,"column":114}},{"start":{"line":180,"column":117},"end":{"line":180,"column":130}}],"line":180},"6":{"loc":{"start":{"line":191,"column":60},"end":{"line":191,"column":99}},"type":"cond-expr","locations":[{"start":{"line":191,"column":74},"end":{"line":191,"column":86}},{"start":{"line":191,"column":89},"end":{"line":191,"column":99}}],"line":191},"7":{"loc":{"start":{"line":211,"column":22},"end":{"line":216,"column":77}},"type":"cond-expr","locations":[{"start":{"line":211,"column":54},"end":{"line":216,"column":31}},{"start":{"line":216,"column":34},"end":{"line":216,"column":77}}],"line":211},"8":{"loc":{"start":{"line":239,"column":22},"end":{"line":244,"column":89}},"type":"cond-expr","locations":[{"start":{"line":239,"column":50},"end":{"line":244,"column":31}},{"start":{"line":244,"column":34},"end":{"line":244,"column":89}}],"line":239},"9":{"loc":{"start":{"line":271,"column":39},"end":{"line":271,"column":89}},"type":"cond-expr","locations":[{"start":{"line":271,"column":51},"end":{"line":271,"column":85}},{"start":{"line":271,"column":88},"end":{"line":271,"column":89}}],"line":271},"10":{"loc":{"start":{"line":304,"column":26},"end":{"line":320,"column":99}},"type":"cond-expr","locations":[{"start":{"line":304,"column":45},"end":{"line":320,"column":35}},{"start":{"line":320,"column":38},"end":{"line":320,"column":99}}],"line":304}},"s":{"0":2,"1":14,"2":2,"3":4,"4":2,"5":5,"6":6,"7":2,"8":6,"9":11,"10":2,"11":4,"12":2,"13":3,"14":2,"15":2,"16":2,"17":3,"18":3,"19":6,"20":6,"21":2,"22":5,"23":5},"f":{"0":14,"1":4,"2":5,"3":6,"4":6,"5":11,"6":4,"7":3,"8":2,"9":2,"10":3,"11":6,"12":5,"13":5},"b":{"0":[4,2],"1":[4,2],"2":[6,5],"3":[6,5],"4":[6,5],"5":[3,0],"6":[3,0],"7":[2,1],"8":[2,1],"9":[6,0],"10":[4,1]},"_coverageSchema":"1a1c01bbd47fc00a2c39e90264f33305004495a9","hash":"89626b8192b39974355d7afca7d32ed7e2ad5d25"}
}
