TN:
SF:backend/server.js
FN:46,generateUniqueCode
FN:50,(anonymous_1)
FN:59,findPoll
FN:60,(anonymous_3)
FN:68,normalizeIP
FN:81,(anonymous_5)
FN:94,(anonymous_6)
FN:118,(anonymous_7)
FN:135,(anonymous_8)
FN:169,(anonymous_9)
FN:197,(anonymous_10)
FN:246,(anonymous_11)
FN:258,(anonymous_12)
FN:264,(anonymous_13)
FN:265,(anonymous_14)
FN:268,(anonymous_15)
FN:272,(anonymous_16)
FN:278,(anonymous_17)
FN:319,(anonymous_18)
FN:348,(anonymous_19)
FN:349,(anonymous_20)
FN:366,(anonymous_21)
FN:382,(anonymous_22)
FN:393,(anonymous_23)
FN:420,(anonymous_24)
FN:425,(anonymous_25)
FNF:26
FNH:23
FNDA:1,generateUniqueCode
FNDA:1,(anonymous_1)
FNDA:7,findPoll
FNDA:14,(anonymous_3)
FNDA:4,normalizeIP
FNDA:1,(anonymous_5)
FNDA:0,(anonymous_6)
FNDA:1,(anonymous_7)
FNDA:1,(anonymous_8)
FNDA:1,(anonymous_9)
FNDA:1,(anonymous_10)
FNDA:1,(anonymous_11)
FNDA:1,(anonymous_12)
FNDA:1,(anonymous_13)
FNDA:1,(anonymous_14)
FNDA:2,(anonymous_15)
FNDA:1,(anonymous_16)
FNDA:0,(anonymous_17)
FNDA:1,(anonymous_18)
FNDA:1,(anonymous_19)
FNDA:1,(anonymous_20)
FNDA:1,(anonymous_21)
FNDA:1,(anonymous_22)
FNDA:1,(anonymous_23)
FNDA:0,(anonymous_24)
FNDA:1,(anonymous_25)
DA:8,1
DA:10,1
DA:14,1
DA:20,1
DA:22,1
DA:48,1
DA:49,1
DA:50,1
DA:51,1
DA:60,14
DA:69,4
DA:70,2
DA:72,2
DA:81,1
DA:82,1
DA:83,1
DA:85,1
DA:89,1
DA:91,1
DA:92,0
DA:94,1
DA:95,0
DA:97,1
DA:98,1
DA:107,0
DA:118,1
DA:119,1
DA:120,1
DA:123,1
DA:124,0
DA:127,1
DA:128,0
DA:131,1
DA:132,1
DA:135,1
DA:148,1
DA:150,1
DA:160,0
DA:169,1
DA:170,1
DA:171,1
DA:173,1
DA:174,0
DA:177,1
DA:178,0
DA:181,1
DA:188,0
DA:197,1
DA:198,1
DA:199,1
DA:200,1
DA:202,1
DA:203,0
DA:206,1
DA:207,0
DA:210,1
DA:211,0
DA:214,1
DA:215,0
DA:218,1
DA:221,1
DA:223,1
DA:230,1
DA:232,1
DA:237,0
DA:246,1
DA:247,1
DA:248,1
DA:249,1
DA:251,1
DA:252,0
DA:255,1
DA:256,0
DA:258,1
DA:264,1
DA:265,1
DA:266,1
DA:268,1
DA:269,2
DA:272,1
DA:273,1
DA:274,1
DA:275,1
DA:277,0
DA:278,0
DA:279,0
DA:280,0
DA:287,1
DA:297,1
DA:310,0
DA:319,1
DA:320,1
DA:321,1
DA:322,1
DA:324,1
DA:325,0
DA:328,1
DA:329,0
DA:332,1
DA:334,1
DA:339,0
DA:348,1
DA:349,1
DA:359,1
DA:366,1
DA:367,1
DA:368,1
DA:370,1
DA:373,1
DA:376,1
DA:377,0
DA:380,1
DA:381,1
DA:382,1
DA:383,1
DA:385,0
DA:393,1
DA:394,1
DA:395,1
DA:397,1
DA:400,1
DA:402,1
DA:403,0
DA:406,1
DA:408,1
DA:409,1
DA:410,1
DA:412,0
DA:417,1
DA:420,1
DA:421,0
DA:424,1
DA:425,1
DA:426,1
DA:427,1
DA:428,1
LF:136
LH:107
BRDA:69,0,0,2
BRDA:69,0,1,2
BRDA:69,1,0,4
BRDA:69,1,1,4
BRDA:85,2,0,1
BRDA:85,2,1,1
BRDA:85,2,2,1
BRDA:85,2,3,0
BRDA:91,3,0,0
BRDA:91,3,1,1
BRDA:91,4,0,1
BRDA:91,4,1,1
BRDA:94,5,0,0
BRDA:94,5,1,1
BRDA:97,6,0,1
BRDA:97,6,1,0
BRDA:97,7,0,1
BRDA:97,7,1,1
BRDA:123,8,0,0
BRDA:123,8,1,1
BRDA:123,9,0,1
BRDA:123,9,1,1
BRDA:123,9,2,1
BRDA:127,10,0,0
BRDA:127,10,1,1
BRDA:127,11,0,1
BRDA:127,11,1,1
BRDA:138,12,0,1
BRDA:138,12,1,0
BRDA:139,13,0,1
BRDA:139,13,1,0
BRDA:173,14,0,0
BRDA:173,14,1,1
BRDA:177,15,0,0
BRDA:177,15,1,1
BRDA:202,16,0,0
BRDA:202,16,1,1
BRDA:206,17,0,0
BRDA:206,17,1,1
BRDA:210,18,0,0
BRDA:210,18,1,1
BRDA:210,19,0,1
BRDA:210,19,1,1
BRDA:214,20,0,0
BRDA:214,20,1,1
BRDA:218,21,0,1
BRDA:218,21,1,1
BRDA:218,21,2,1
BRDA:218,21,3,0
BRDA:251,22,0,0
BRDA:251,22,1,1
BRDA:255,23,0,0
BRDA:255,23,1,1
BRDA:273,24,0,1
BRDA:273,24,1,0
BRDA:274,25,0,1
BRDA:274,25,1,0
BRDA:274,26,0,1
BRDA:274,26,1,1
BRDA:277,27,0,0
BRDA:277,27,1,0
BRDA:277,28,0,0
BRDA:277,28,1,0
BRDA:279,29,0,0
BRDA:279,29,1,0
BRDA:324,30,0,0
BRDA:324,30,1,1
BRDA:328,31,0,0
BRDA:328,31,1,1
BRDA:335,32,0,0
BRDA:335,32,1,1
BRDA:370,33,0,1
BRDA:370,33,1,0
BRDA:370,33,2,0
BRDA:370,33,3,0
BRDA:376,34,0,0
BRDA:376,34,1,1
BRDA:380,35,0,1
BRDA:380,35,1,0
BRDA:397,36,0,1
BRDA:397,36,1,0
BRDA:397,36,2,0
BRDA:397,36,3,0
BRDA:402,37,0,0
BRDA:402,37,1,1
BRDA:408,38,0,1
BRDA:408,38,1,0
BRDA:424,39,0,1
BRDA:424,39,1,1
BRF:89
BRH:51
end_of_record
TN:
SF:frontend/api.js
FN:19,request
FN:43,(anonymous_1)
FN:48,(anonymous_2)
FN:54,(anonymous_3)
FN:59,(anonymous_4)
FN:64,(anonymous_5)
FN:70,(anonymous_6)
FN:75,(anonymous_7)
FN:81,(anonymous_8)
FNF:9
FNH:2
FNDA:3,request
FNDA:0,(anonymous_1)
FNDA:0,(anonymous_2)
FNDA:0,(anonymous_3)
FNDA:3,(anonymous_4)
FNDA:0,(anonymous_5)
FNDA:0,(anonymous_6)
FNDA:0,(anonymous_7)
FNDA:0,(anonymous_8)
DA:5,1
DA:20,3
DA:21,3
DA:22,3
DA:26,3
DA:27,3
DA:28,3
DA:29,0
DA:30,0
DA:31,0
DA:32,0
DA:34,0
DA:38,3
DA:43,1
DA:48,1
DA:54,1
DA:59,3
DA:64,1
DA:70,1
DA:75,1
DA:81,1
LF:21
LH:16
BRDA:19,0,0,0
BRDA:29,1,0,0
BRDA:29,1,1,0
BRDA:30,2,0,0
BRDA:30,2,1,0
BRF:5
BRH:0
end_of_record
TN:
SF:frontend/csv-utils.js
FN:11,generatePollResultsCSV
FN:27,(anonymous_1)
FN:32,(anonymous_2)
FN:50,escapeCSV
FN:61,downloadCSV
FN:85,(anonymous_5)
FNF:6
FNH:2
FNDA:1,generatePollResultsCSV
FNDA:0,(anonymous_1)
FNDA:0,(anonymous_2)
FNDA:0,escapeCSV
FNDA:1,downloadCSV
FNDA:0,(anonymous_5)
DA:12,1
DA:13,0
DA:16,1
DA:17,1
DA:20,1
DA:21,1
DA:22,1
DA:23,1
DA:24,1
DA:27,1
DA:28,0
DA:29,0
DA:32,0
DA:33,0
DA:36,0
DA:39,0
DA:42,1
DA:51,0
DA:53,0
DA:63,1
DA:66,1
DA:69,1
DA:71,0
DA:72,0
DA:76,1
DA:77,0
DA:78,0
DA:81,0
DA:82,0
DA:85,0
DA:86,0
DA:87,0
LF:32
LH:14
BRDA:12,0,0,0
BRDA:12,0,1,1
BRDA:12,1,0,1
BRDA:12,1,1,1
BRDA:12,1,2,1
BRDA:33,2,0,0
BRDA:33,2,1,0
BRDA:51,3,0,0
BRDA:51,3,1,0
BRDA:69,4,0,0
BRDA:69,4,1,1
BRF:11
BRH:5
end_of_record
TN:
SF:frontend/poll-component.js
FN:7,(anonymous_0)
FN:8,(anonymous_1)
FN:13,(anonymous_2)
FN:21,(anonymous_3)
FN:33,(anonymous_4)
FN:35,(anonymous_5)
FN:48,(anonymous_6)
FN:56,(anonymous_7)
FN:63,(anonymous_8)
FN:93,(anonymous_9)
FN:102,(anonymous_10)
FN:103,(anonymous_11)
FN:104,(anonymous_12)
FN:119,(anonymous_13)
FN:132,(anonymous_14)
FN:143,(anonymous_15)
FN:144,(anonymous_16)
FN:145,(anonymous_17)
FN:150,(anonymous_18)
FN:161,(anonymous_19)
FN:170,(anonymous_20)
FN:175,(anonymous_21)
FN:176,(anonymous_22)
FN:182,(anonymous_23)
FN:192,(anonymous_24)
FN:217,(anonymous_25)
FN:219,(anonymous_26)
FN:234,(anonymous_27)
FN:240,(anonymous_28)
FN:248,(anonymous_29)
FN:251,(anonymous_30)
FN:256,(anonymous_31)
FN:261,(anonymous_32)
FN:287,(anonymous_33)
FN:288,(anonymous_34)
FN:293,(anonymous_35)
FN:319,(anonymous_36)
FN:328,(anonymous_37)
FN:343,(anonymous_38)
FN:347,(anonymous_39)
FN:347,(anonymous_40)
FN:366,(anonymous_41)
FN:386,(anonymous_42)
FN:417,(anonymous_43)
FN:427,(anonymous_44)
FN:442,(anonymous_45)
FN:445,(anonymous_46)
FN:446,(anonymous_47)
FN:448,(anonymous_48)
FN:449,(anonymous_49)
FN:453,(anonymous_50)
FN:460,(anonymous_51)
FN:461,(anonymous_52)
FN:469,(anonymous_53)
FN:470,(anonymous_54)
FN:483,(anonymous_55)
FN:495,(anonymous_56)
FN:505,(anonymous_57)
FN:511,(anonymous_58)
FN:521,(anonymous_59)
FN:554,(anonymous_60)
FN:568,(anonymous_61)
FN:586,(anonymous_62)
FN:598,(anonymous_63)
FNF:64
FNH:39
FNDA:1,(anonymous_0)
FNDA:1,(anonymous_1)
FNDA:13,(anonymous_2)
FNDA:13,(anonymous_3)
FNDA:23,(anonymous_4)
FNDA:61,(anonymous_5)
FNDA:13,(anonymous_6)
FNDA:3,(anonymous_7)
FNDA:3,(anonymous_8)
FNDA:1,(anonymous_9)
FNDA:1,(anonymous_10)
FNDA:1,(anonymous_11)
FNDA:1,(anonymous_12)
FNDA:1,(anonymous_13)
FNDA:0,(anonymous_14)
FNDA:1,(anonymous_15)
FNDA:1,(anonymous_16)
FNDA:0,(anonymous_17)
FNDA:0,(anonymous_18)
FNDA:0,(anonymous_19)
FNDA:4,(anonymous_20)
FNDA:6,(anonymous_21)
FNDA:5,(anonymous_22)
FNDA:5,(anonymous_23)
FNDA:4,(anonymous_24)
FNDA:0,(anonymous_25)
FNDA:0,(anonymous_26)
FNDA:0,(anonymous_27)
FNDA:3,(anonymous_28)
FNDA:3,(anonymous_29)
FNDA:1,(anonymous_30)
FNDA:1,(anonymous_31)
FNDA:1,(anonymous_32)
FNDA:0,(anonymous_33)
FNDA:0,(anonymous_34)
FNDA:1,(anonymous_35)
FNDA:0,(anonymous_36)
FNDA:3,(anonymous_37)
FNDA:2,(anonymous_38)
FNDA:4,(anonymous_39)
FNDA:4,(anonymous_40)
FNDA:4,(anonymous_41)
FNDA:1,(anonymous_42)
FNDA:0,(anonymous_43)
FNDA:3,(anonymous_44)
FNDA:0,(anonymous_45)
FNDA:0,(anonymous_46)
FNDA:0,(anonymous_47)
FNDA:0,(anonymous_48)
FNDA:0,(anonymous_49)
FNDA:0,(anonymous_50)
FNDA:0,(anonymous_51)
FNDA:0,(anonymous_52)
FNDA:0,(anonymous_53)
FNDA:0,(anonymous_54)
FNDA:0,(anonymous_55)
FNDA:1,(anonymous_56)
FNDA:0,(anonymous_57)
FNDA:0,(anonymous_58)
FNDA:3,(anonymous_59)
FNDA:1,(anonymous_60)
FNDA:1,(anonymous_61)
FNDA:0,(anonymous_62)
FNDA:1,(anonymous_63)
DA:5,1
DA:6,1
DA:7,1
DA:8,1
DA:14,13
DA:15,13
DA:16,13
DA:17,13
DA:22,13
DA:23,13
DA:25,13
DA:26,0
DA:28,13
DA:34,23
DA:35,23
DA:36,61
DA:37,61
DA:38,61
DA:49,13
DA:57,3
DA:64,3
DA:65,3
DA:67,3
DA:68,1
DA:69,1
DA:72,2
DA:74,2
DA:75,2
DA:76,1
DA:77,1
DA:78,1
DA:80,1
DA:81,1
DA:88,0
DA:94,1
DA:95,1
DA:99,1
DA:100,1
DA:103,1
DA:104,1
DA:105,1
DA:106,1
DA:107,1
DA:108,1
DA:109,1
DA:111,1
DA:112,0
DA:113,0
DA:114,0
DA:116,0
DA:119,1
DA:120,1
DA:121,0
DA:122,0
DA:124,1
DA:125,1
DA:126,1
DA:127,1
DA:132,1
DA:133,0
DA:134,0
DA:135,0
DA:136,0
DA:137,0
DA:144,1
DA:145,1
DA:146,0
DA:147,0
DA:148,0
DA:150,0
DA:151,0
DA:152,0
DA:153,0
DA:155,0
DA:158,0
DA:159,0
DA:161,1
DA:162,0
DA:163,0
DA:171,4
DA:175,3
DA:176,6
DA:184,5
DA:185,5
DA:187,5
DA:188,5
DA:189,5
DA:191,5
DA:192,2
DA:193,4
DA:195,2
DA:196,2
DA:198,3
DA:199,3
DA:201,3
DA:202,0
DA:205,3
DA:206,3
DA:208,3
DA:209,1
DA:211,2
DA:218,0
DA:219,0
DA:220,0
DA:221,0
DA:224,0
DA:225,0
DA:226,0
DA:229,0
DA:231,0
DA:232,0
DA:233,0
DA:234,0
DA:236,0
DA:241,3
DA:248,3
DA:249,3
DA:250,3
DA:251,3
DA:254,3
DA:255,3
DA:256,3
DA:262,1
DA:263,1
DA:264,1
DA:265,1
DA:266,1
DA:267,1
DA:284,1
DA:287,1
DA:288,1
DA:289,0
DA:295,1
DA:296,1
DA:299,1
DA:300,1
DA:302,1
DA:303,1
DA:304,1
DA:305,1
DA:306,1
DA:308,1
DA:309,1
DA:310,1
DA:311,1
DA:312,1
DA:314,1
DA:315,1
DA:316,1
DA:317,1
DA:318,1
DA:319,1
DA:320,0
DA:323,1
DA:324,1
DA:325,1
DA:329,3
DA:330,3
DA:331,3
DA:333,3
DA:334,1
DA:335,1
DA:338,2
DA:339,2
DA:340,2
DA:341,2
DA:343,2
DA:344,2
DA:345,2
DA:346,2
DA:347,4
DA:350,2
DA:351,2
DA:352,2
DA:354,0
DA:358,2
DA:359,1
DA:363,2
DA:364,2
DA:366,2
DA:367,4
DA:368,4
DA:369,2
DA:370,2
DA:372,2
DA:375,2
DA:376,1
DA:377,1
DA:378,1
DA:380,1
DA:386,2
DA:387,1
DA:388,1
DA:391,2
DA:392,0
DA:396,2
DA:397,2
DA:398,2
DA:401,0
DA:402,0
DA:403,0
DA:406,0
DA:408,0
DA:409,0
DA:410,0
DA:411,0
DA:417,0
DA:419,0
DA:428,3
DA:429,0
DA:430,0
DA:433,3
DA:434,3
DA:435,0
DA:437,3
DA:438,3
DA:443,0
DA:444,0
DA:445,0
DA:446,0
DA:448,0
DA:449,0
DA:453,0
DA:454,0
DA:455,0
DA:456,0
DA:460,0
DA:461,0
DA:462,0
DA:463,0
DA:464,0
DA:469,0
DA:470,0
DA:471,0
DA:472,0
DA:473,0
DA:478,0
DA:480,0
DA:482,0
DA:483,0
DA:484,0
DA:496,1
DA:497,1
DA:498,1
DA:501,0
DA:503,0
DA:504,0
DA:505,0
DA:506,0
DA:512,0
DA:513,0
DA:514,0
DA:515,0
DA:517,0
DA:522,3
DA:523,3
DA:524,3
DA:526,3
DA:527,1
DA:528,1
DA:531,2
DA:532,2
DA:533,1
DA:534,1
DA:537,1
DA:538,1
DA:539,1
DA:540,1
DA:541,1
DA:543,1
DA:545,0
DA:555,1
DA:556,1
DA:557,1
DA:558,1
DA:559,1
DA:560,1
DA:562,1
DA:564,0
DA:569,1
DA:570,1
DA:572,1
DA:573,1
DA:574,1
DA:577,1
DA:579,0
DA:580,0
DA:581,0
DA:587,0
DA:588,0
DA:589,0
DA:590,0
DA:591,0
DA:593,0
DA:599,1
DA:600,1
DA:602,1
DA:603,0
DA:604,0
DA:607,1
DA:608,1
DA:609,1
DA:610,1
DA:612,1
DA:615,1
DA:616,1
DA:617,1
DA:618,1
DA:622,1
DA:623,1
DA:627,1
DA:628,1
DA:634,1
DA:639,1
LF:314
LH:210
BRDA:25,0,0,0
BRDA:25,0,1,13
BRDA:33,1,0,0
BRDA:37,2,0,61
BRDA:37,2,1,0
BRDA:67,3,0,1
BRDA:67,3,1,2
BRDA:80,4,0,1
BRDA:80,4,1,0
BRDA:111,5,0,0
BRDA:111,5,1,1
BRDA:113,6,0,0
BRDA:113,6,1,0
BRDA:120,7,0,0
BRDA:120,7,1,1
BRDA:126,8,0,1
BRDA:126,8,1,0
BRDA:136,9,0,0
BRDA:136,9,1,0
BRDA:153,10,0,0
BRDA:153,10,1,0
BRDA:185,11,0,0
BRDA:185,11,1,5
BRDA:191,12,0,2
BRDA:191,12,1,3
BRDA:201,13,0,0
BRDA:201,13,1,3
BRDA:208,14,0,1
BRDA:208,14,1,2
BRDA:221,15,0,0
BRDA:221,15,1,0
BRDA:221,16,0,0
BRDA:221,16,1,0
BRDA:224,17,0,0
BRDA:224,17,1,0
BRDA:250,18,0,3
BRDA:250,18,1,0
BRDA:255,19,0,3
BRDA:255,19,1,0
BRDA:296,20,0,0
BRDA:296,20,1,1
BRDA:300,21,0,0
BRDA:300,21,1,1
BRDA:333,22,0,1
BRDA:333,22,1,2
BRDA:333,23,0,3
BRDA:333,23,1,2
BRDA:350,24,0,2
BRDA:350,24,1,0
BRDA:358,25,0,1
BRDA:358,25,1,1
BRDA:358,26,0,2
BRDA:358,26,1,2
BRDA:368,27,0,2
BRDA:368,27,1,2
BRDA:375,28,0,1
BRDA:375,28,1,1
BRDA:391,29,0,0
BRDA:391,29,1,2
BRDA:391,30,0,2
BRDA:391,30,1,0
BRDA:391,30,2,0
BRDA:396,31,0,2
BRDA:396,31,1,0
BRDA:401,32,0,0
BRDA:401,32,1,0
BRDA:428,33,0,0
BRDA:428,33,1,3
BRDA:430,34,0,0
BRDA:430,34,1,0
BRDA:455,35,0,0
BRDA:455,35,1,0
BRDA:463,36,0,0
BRDA:463,36,1,0
BRDA:472,37,0,0
BRDA:472,37,1,0
BRDA:482,38,0,0
BRDA:482,38,1,0
BRDA:482,39,0,0
BRDA:482,39,1,0
BRDA:484,40,0,0
BRDA:484,40,1,0
BRDA:501,41,0,0
BRDA:501,41,1,0
BRDA:503,42,0,0
BRDA:503,42,1,0
BRDA:526,43,0,1
BRDA:526,43,1,2
BRDA:532,44,0,1
BRDA:532,44,1,1
BRDA:572,45,0,1
BRDA:572,45,1,0
BRDA:573,46,0,1
BRDA:573,46,1,0
BRDA:579,47,0,0
BRDA:579,47,1,0
BRDA:580,48,0,0
BRDA:580,48,1,0
BRDA:602,49,0,0
BRDA:602,49,1,1
BRDA:610,50,0,1
BRDA:610,50,1,0
BRDA:615,51,0,1
BRDA:615,51,1,0
BRDA:622,52,0,1
BRDA:622,52,1,0
BRDA:627,53,0,1
BRDA:627,53,1,0
BRF:108
BRH:46
end_of_record
TN:
SF:frontend/templates.js
FN:7,(anonymous_0)
FN:29,(anonymous_1)
FN:55,(anonymous_2)
FN:65,(anonymous_3)
FN:85,(anonymous_4)
FN:92,(anonymous_5)
FN:111,(anonymous_6)
FN:167,(anonymous_7)
FN:211,(anonymous_8)
FN:239,(anonymous_9)
FN:259,(anonymous_10)
FN:269,(anonymous_11)
FN:288,(anonymous_12)
FN:304,(anonymous_13)
FNF:14
FNH:9
FNDA:14,(anonymous_0)
FNDA:4,(anonymous_1)
FNDA:5,(anonymous_2)
FNDA:6,(anonymous_3)
FNDA:6,(anonymous_4)
FNDA:11,(anonymous_5)
FNDA:4,(anonymous_6)
FNDA:0,(anonymous_7)
FNDA:0,(anonymous_8)
FNDA:0,(anonymous_9)
FNDA:0,(anonymous_10)
FNDA:0,(anonymous_11)
FNDA:3,(anonymous_12)
FNDA:3,(anonymous_13)
DA:7,14
DA:29,4
DA:55,5
DA:65,6
DA:85,6
DA:92,11
DA:111,4
DA:167,2
DA:211,0
DA:239,0
DA:259,2
DA:261,0
DA:262,0
DA:271,0
DA:272,0
DA:288,3
DA:304,3
LF:17
LH:11
BRDA:86,0,0,4
BRDA:86,0,1,2
BRDA:89,1,0,4
BRDA:89,1,1,2
BRDA:97,2,0,6
BRDA:97,2,1,5
BRDA:99,3,0,6
BRDA:99,3,1,5
BRDA:99,4,0,6
BRDA:99,4,1,5
BRDA:180,5,0,0
BRDA:180,5,1,0
BRDA:191,6,0,0
BRDA:191,6,1,0
BRDA:211,7,0,0
BRDA:211,7,1,0
BRDA:239,8,0,0
BRDA:239,8,1,0
BRDA:271,9,0,0
BRDA:271,9,1,0
BRDA:304,10,0,2
BRDA:304,10,1,1
BRF:22
BRH:12
end_of_record
