TN:
SF:frontend/templates.js
FN:1,(anonymous_0)
FN:12,(anonymous_1)
FN:25,(anonymous_2)
FN:29,(anonymous_3)
FN:37,(anonymous_4)
FN:43,(anonymous_5)
FN:52,(anonymous_6)
FN:85,(anonymous_7)
FN:106,(anonymous_8)
FN:127,(anonymous_9)
FN:141,(anonymous_10)
FN:147,(anonymous_11)
FN:161,(anonymous_12)
FN:166,(anonymous_13)
FNF:14
FNH:9
FNDA:1,(anonymous_0)
FNDA:1,(anonymous_1)
FNDA:1,(anonymous_2)
FNDA:2,(anonymous_3)
FNDA:2,(anonymous_4)
FNDA:5,(anonymous_5)
FNDA:1,(anonymous_6)
FNDA:0,(anonymous_7)
FNDA:0,(anonymous_8)
FNDA:0,(anonymous_9)
FNDA:0,(anonymous_10)
FNDA:0,(anonymous_11)
FNDA:2,(anonymous_12)
FNDA:2,(anonymous_13)
DA:1,1
DA:12,1
DA:25,1
DA:29,2
DA:37,2
DA:43,5
DA:52,1
DA:85,1
DA:106,0
DA:127,0
DA:141,1
DA:142,0
DA:143,0
DA:148,0
DA:149,0
DA:150,0
DA:161,2
DA:166,2
LF:18
LH:11
BRDA:38,0,0,1
BRDA:38,0,1,1
BRDA:41,1,0,1
BRDA:41,1,1,1
BRDA:45,2,0,2
BRDA:45,2,1,3
BRDA:45,3,0,2
BRDA:45,3,1,3
BRDA:91,4,0,0
BRDA:91,4,1,0
BRDA:99,5,0,0
BRDA:99,5,1,0
BRDA:106,6,0,0
BRDA:106,6,1,0
BRDA:127,7,0,0
BRDA:127,7,1,0
BRDA:148,8,0,0
BRDA:148,8,1,0
BRDA:166,9,0,1
BRDA:166,9,1,1
BRF:20
BRH:10
end_of_record
